<?xml version="1.0" encoding="UTF-8"?>
<!-- Generated by org.testng.reporters.JUnitXMLReporter -->
<testsuite hostname="Onil" ignored="0" name="Test" tests="3" failures="0" timestamp="2020-07-26T17:41:21 IST" time="157.884" errors="0">
  <testcase name="totalValidation" time="72.151" classname="Practise.AppiumFramework.Ecommerce_tc_4"/>
  <testcase name="apiDemo" time="42.443" classname="Practise.AppiumFramework.ApiDemos"/>
  <testcase name="apiDemo" time="40.161" classname="Practise.AppiumFramework.ApiDemos"/>
</testsuite> <!-- Test -->
