<?xml version="1.0" encoding="UTF-8"?>
<!-- Generated by org.testng.reporters.JUnitXMLReporter -->
<testsuite hostname="Onil" ignored="0" name="Test" tests="3" failures="0" timestamp="26 Jul 2020 12:48:15 GMT" time="153.027" errors="0">
  <testcase name="totalValidation" time="70.908" classname="Practise.AppiumFramework.Ecommerce_tc_4"/>
  <testcase name="apiDemo" time="39.217" classname="Practise.AppiumFramework.ApiDemos"/>
  <testcase name="apiDemo" time="39.764" classname="Practise.AppiumFramework.ApiDemos"/>
</testsuite> <!-- Test -->
