<?xml version="1.0" encoding="UTF-8"?>
<testsuite xmlns:xsi="http://www.w3.org/2001/XMLSchema-instance" xsi:noNamespaceSchemaLocation="https://maven.apache.org/surefire/maven-surefire-plugin/xsd/surefire-test-report-3.0.xsd" version="3.0" name="TestSuite" time="155.415" tests="3" errors="0" skipped="0" failures="0">
  <properties>
[...]
</properties>
  <testcase name="totalValidation" classname="Practise.AppiumFramework.Ecommerce_tc_4" time="70.909">
    <system-out><![CDATA[[TestNGContentHandler] [WARN] It is strongly recommended to add "<!DOCTYPE suite SYSTEM "http://testng.org/testng-1.0.dtd" >" at the top of your file, otherwise TestNG may fail or not work as expected.
&amp#27;[35m[Appium]&amp#27;[39m Welcome to Appium v1.16.0
&amp#27;[35m[Appium]&amp#27;[39m Appium REST http interface listener started on 0.0.0.0:4723
&amp#27;[35m[HTTP]&amp#27;[39m &amp#27;[37m-->&amp#27;[39m &amp#27;[37mGET&amp#27;[39m &amp#27;[37m/wd/hub/status&amp#27;[39m
&amp#27;[35m[HTTP]&amp#27;[39m &amp#27;[90m{}&amp#27;[39m
[debug] &amp#27;[35m[GENERIC]&amp#27;[39m Calling AppiumDriver.getStatus() with args: []
[debug] &amp#27;[35m[GENERIC]&amp#27;[39m Responding to client with driver.getStatus() result: {"build":{"version":"1.16.0"}}
IN EMULATOR METHOD
&amp#27;[35m[HTTP]&amp#27;[39m &amp#27;[37m<-- GET /wd/hub/status &amp#27;[39m&amp#27;[32m200&amp#27;[39m &amp#27;[90m14 ms - 68&amp#27;[39m
&amp#27;[35m[HTTP]&amp#27;[39m &amp#27;[90m&amp#27;[39m
&amp#27;[35m[HTTP]&amp#27;[39m &amp#27;[37m-->&amp#27;[39m &amp#27;[37mPOST&amp#27;[39m &amp#27;[37m/wd/hub/session&amp#27;[39m
&amp#27;[35m[HTTP]&amp#27;[39m &amp#27;[90m{"desiredCapabilities":{"app":"C:\\Users\\OnilVakharia\\eclipse-workspace\\AppiumFramework\\src\\General-Store.apk","automationName":"uiautomator2","platformName":"Android","deviceName":"emulator"},"capabilities":{"firstMatch":[{"appium:app":"C:\\Users\\OnilVakharia\\eclipse-workspace\\AppiumFramework\\src\\General-Store.apk","appium:automationName":"uiautomator2","appium:deviceName":"emulator","platformName":"android"}]}}&amp#27;[39m
[debug] &amp#27;[35m[W3C]&amp#27;[39m Calling AppiumDriver.createSession() with args: [{"app":"C:\\Users\\OnilVakharia\\eclipse-workspace\\AppiumFramework\\src\\General-Store.apk","automationName":"uiautomator2","platformName":"Android","deviceName":"emulator"},null,{"firstMatch":[{"appium:app":"C:\\Users\\OnilVakharia\\eclipse-workspace\\AppiumFramework\\src\\General-Store.apk","appium:automationName":"uiautomator2","appium:deviceName":"emulator","platformName":"android"}]}]
[debug] &amp#27;[35m[BaseDriver]&amp#27;[39m Event 'newSessionRequested' logged at 1595767570065 (18:16:10 GMT+0530 (India Standard Time))
&amp#27;[35m[Appium]&amp#27;[39m Appium v1.16.0 creating new AndroidUiautomator2Driver (v1.40.0) session
[debug] &amp#27;[35m[BaseDriver]&amp#27;[39m W3C capabilities and MJSONWP desired capabilities were provided
[debug] &amp#27;[35m[BaseDriver]&amp#27;[39m Creating session with W3C capabilities: {
[debug] &amp#27;[35m[BaseDriver]&amp#27;[39m   "alwaysMatch": {
[debug] &amp#27;[35m[BaseDriver]&amp#27;[39m     "platformName": "android",
[debug] &amp#27;[35m[BaseDriver]&amp#27;[39m     "appium:app": "C:\\Users\\OnilVakharia\\eclipse-workspace\\AppiumFramework\\src\\General-Store.apk",
[debug] &amp#27;[35m[BaseDriver]&amp#27;[39m     "appium:automationName": "uiautomator2",
[debug] &amp#27;[35m[BaseDriver]&amp#27;[39m     "appium:deviceName": "emulator"
[debug] &amp#27;[35m[BaseDriver]&amp#27;[39m   },
[debug] &amp#27;[35m[BaseDriver]&amp#27;[39m   "firstMatch": [
[debug] &amp#27;[35m[BaseDriver]&amp#27;[39m     {}
[debug] &amp#27;[35m[BaseDriver]&amp#27;[39m   ]
[debug] &amp#27;[35m[BaseDriver]&amp#27;[39m }
&amp#27;[35m[BaseDriver]&amp#27;[39m Session created with session id: a20fc25b-d98f-4b84-bc8b-0416c383bd3a
&amp#27;[35m[BaseDriver]&amp#27;[39m Using local app 'C:\Users\OnilVakharia\eclipse-workspace\AppiumFramework\src\General-Store.apk'
[debug] &amp#27;[35m[UiAutomator2]&amp#27;[39m Checking whether app is actually present
&amp#27;[35m[ADB]&amp#27;[39m Found 2 'build-tools' folders under 'C:\Users\OnilVakharia\AppData\Local\Android\Sdk' (newest first):
&amp#27;[35m[ADB]&amp#27;[39m     C:/Users/OnilVakharia/AppData/Local/Android/Sdk/build-tools/30.0.0
&amp#27;[35m[ADB]&amp#27;[39m     C:/Users/OnilVakharia/AppData/Local/Android/Sdk/build-tools/29.0.3
&amp#27;[35m[ADB]&amp#27;[39m Using 'adb.exe' from 'C:\Users\OnilVakharia\AppData\Local\Android\Sdk\platform-tools\adb.exe'
&amp#27;[35m[AndroidDriver]&amp#27;[39m Retrieving device list
[debug] &amp#27;[35m[ADB]&amp#27;[39m Trying to find a connected android device
[debug] &amp#27;[35m[ADB]&amp#27;[39m Getting connected devices...
[debug] &amp#27;[35m[ADB]&amp#27;[39m Connected devices: [{"udid":"emulator-5554","state":"device"}]
&amp#27;[35m[AndroidDriver]&amp#27;[39m Using device: emulator-5554
&amp#27;[35m[ADB]&amp#27;[39m Using 'adb.exe' from 'C:\Users\OnilVakharia\AppData\Local\Android\Sdk\platform-tools\adb.exe'
[debug] &amp#27;[35m[ADB]&amp#27;[39m Setting device id to emulator-5554
[debug] &amp#27;[35m[ADB]&amp#27;[39m Running 'C:\Users\OnilVakharia\AppData\Local\Android\Sdk\platform-tools\adb.exe -P 5037 -s emulator-5554 shell getprop ro.build.version.sdk'
[debug] &amp#27;[35m[ADB]&amp#27;[39m Current device property 'ro.build.version.sdk': 28
[debug] &amp#27;[35m[ADB]&amp#27;[39m Running 'C:\Users\OnilVakharia\AppData\Local\Android\Sdk\platform-tools\adb.exe -P 5037 -s emulator-5554 shell getprop ro.build.version.release'
[debug] &amp#27;[35m[ADB]&amp#27;[39m Current device property 'ro.build.version.release': 9
[debug] &amp#27;[35m[ADB]&amp#27;[39m Device API level: 28
&amp#27;[35m[UiAutomator2]&amp#27;[39m Relaxing hidden api policy
[debug] &amp#27;[35m[ADB]&amp#27;[39m Running 'C:\Users\OnilVakharia\AppData\Local\Android\Sdk\platform-tools\adb.exe -P 5037 -s emulator-5554 shell settings put global hidden_api_policy_pre_p_apps 1'
[debug] &amp#27;[35m[ADB]&amp#27;[39m Running 'C:\Users\OnilVakharia\AppData\Local\Android\Sdk\platform-tools\adb.exe -P 5037 -s emulator-5554 shell settings put global hidden_api_policy_p_apps 1'
[debug] &amp#27;[35m[ADB]&amp#27;[39m Running 'C:\Users\OnilVakharia\AppData\Local\Android\Sdk\platform-tools\adb.exe -P 5037 -s emulator-5554 shell settings put global hidden_api_policy 1'
[debug] &amp#27;[35m[AndroidDriver]&amp#27;[39m Parsing package and activity from app manifest
&amp#27;[35m[ADB]&amp#27;[39m Package name: 'com.androidsample.generalstore'
&amp#27;[35m[ADB]&amp#27;[39m Main activity name: 'com.androidsample.generalstore.SplashActivity'
[debug] &amp#27;[35m[AndroidDriver]&amp#27;[39m Parsed package and activity are: com.androidsample.generalstore/com.androidsample.generalstore.SplashActivity
[debug] &amp#27;[35m[ADB]&amp#27;[39m Running 'C:\Users\OnilVakharia\AppData\Local\Android\Sdk\platform-tools\adb.exe -P 5037 -s emulator-5554 wait-for-device'
[debug] &amp#27;[35m[ADB]&amp#27;[39m Running 'C:\Users\OnilVakharia\AppData\Local\Android\Sdk\platform-tools\adb.exe -P 5037 -s emulator-5554 shell echo ping'
[debug] &amp#27;[35m[AndroidDriver]&amp#27;[39m Pushing settings apk to device...
[debug] &amp#27;[35m[ADB]&amp#27;[39m Getting install status for io.appium.settings
[debug] &amp#27;[35m[ADB]&amp#27;[39m Running 'C:\Users\OnilVakharia\AppData\Local\Android\Sdk\platform-tools\adb.exe -P 5037 -s emulator-5554 shell dumpsys package io.appium.settings'
[debug] &amp#27;[35m[ADB]&amp#27;[39m 'io.appium.settings' is installed
[debug] &amp#27;[35m[ADB]&amp#27;[39m Getting package info for 'io.appium.settings'
[debug] &amp#27;[35m[ADB]&amp#27;[39m Running 'C:\Users\OnilVakharia\AppData\Local\Android\Sdk\platform-tools\adb.exe -P 5037 -s emulator-5554 shell dumpsys package io.appium.settings'
[debug] &amp#27;[35m[ADB]&amp#27;[39m The version name of the installed 'io.appium.settings' is greater or equal to the application version name ('2.15.0' >= '2.15.0')
[debug] &amp#27;[35m[ADB]&amp#27;[39m There is no need to install/upgrade 'C:\Users\OnilVakharia\AppData\Roaming\npm\node_modules\appium\node_modules\io.appium.settings\apks\settings_apk-debug.apk'
[debug] &amp#27;[35m[ADB]&amp#27;[39m Getting IDs of all 'io.appium.settings' processes
[debug] &amp#27;[35m[ADB]&amp#27;[39m Running 'C:\Users\OnilVakharia\AppData\Local\Android\Sdk\platform-tools\adb.exe -P 5037 -s emulator-5554 shell 'pgrep --help; echo $?''
[debug] &amp#27;[35m[ADB]&amp#27;[39m Running 'C:\Users\OnilVakharia\AppData\Local\Android\Sdk\platform-tools\adb.exe -P 5037 -s emulator-5554 shell pgrep -f io\\.appium\\.settings'
[debug] &amp#27;[35m[AndroidDriver]&amp#27;[39m io.appium.settings is already running. There is no need to reset its permissions.
[debug] &amp#27;[35m[ADB]&amp#27;[39m Running 'C:\Users\OnilVakharia\AppData\Local\Android\Sdk\platform-tools\adb.exe -P 5037 -s emulator-5554 shell appops set io.appium.settings android\:mock_location allow'
[debug] &amp#27;[35m[Logcat]&amp#27;[39m Starting logcat capture
[debug] &amp#27;[35m[UiAutomator2]&amp#27;[39m Forwarding UiAutomator2 Server port 6790 to 8224
[debug] &amp#27;[35m[ADB]&amp#27;[39m Forwarding system: 8224 to device: 6790
[debug] &amp#27;[35m[ADB]&amp#27;[39m Running 'C:\Users\OnilVakharia\AppData\Local\Android\Sdk\platform-tools\adb.exe -P 5037 -s emulator-5554 forward tcp\:8224 tcp\:6790'
[debug] &amp#27;[35m[ADB]&amp#27;[39m Getting install status for io.appium.uiautomator2.server
[debug] &amp#27;[35m[ADB]&amp#27;[39m Running 'C:\Users\OnilVakharia\AppData\Local\Android\Sdk\platform-tools\adb.exe -P 5037 -s emulator-5554 shell dumpsys package io.appium.uiautomator2.server'
[debug] &amp#27;[35m[ADB]&amp#27;[39m 'io.appium.uiautomator2.server' is installed
[debug] &amp#27;[35m[ADB]&amp#27;[39m Getting package info for 'io.appium.uiautomator2.server'
[debug] &amp#27;[35m[ADB]&amp#27;[39m Running 'C:\Users\OnilVakharia\AppData\Local\Android\Sdk\platform-tools\adb.exe -P 5037 -s emulator-5554 shell dumpsys package io.appium.uiautomator2.server'
[debug] &amp#27;[35m[ADB]&amp#27;[39m The version name of the installed 'io.appium.uiautomator2.server' is greater or equal to the application version name ('4.5.2' >= '4.5.2')
[debug] &amp#27;[35m[UiAutomator2]&amp#27;[39m io.appium.uiautomator2.server installation state: sameVersionInstalled
[debug] &amp#27;[35m[ADB]&amp#27;[39m Checking app cert for C:\Users\OnilVakharia\AppData\Roaming\npm\node_modules\appium\node_modules\appium-uiautomator2-server\apks\appium-uiautomator2-server-v4.5.2.apk
&amp#27;[35m[ADB]&amp#27;[39m Using 'apksigner.bat' from 'C:\Users\OnilVakharia\AppData\Local\Android\Sdk\build-tools\30.0.0\apksigner.bat'
[debug] &amp#27;[35m[ADB]&amp#27;[39m Starting 'C:\Users\OnilVakharia\AppData\Local\Android\Sdk\build-tools\30.0.0\apksigner.bat' with args '["verify","--print-certs","C:\\Users\\OnilVakharia\\AppData\\Roaming\\npm\\node_modules\\appium\\node_modules\\appium-uiautomator2-server\\apks\\appium-uiautomator2-server-v4.5.2.apk"]'
&amp#27;[35m[ADB]&amp#27;[39m Got an error during apksigner execution: Command 'apksigner.bat verify --print-certs C:\\Users\\OnilVakharia\\AppData\\Roaming\\npm\\node_modules\\appium\\node_modules\\appium-uiautomator2-server\\apks\\appium-uiautomator2-server-v4.5.2.apk' exited with code 1
&amp#27;[35m[ADB]&amp#27;[39m apksigner stderr: java.lang.UnsupportedClassVersionError: com/android/apksigner/ApkSignerTool has been compiled by a more recent version of the Java Runtime (class file version 53.0), this version of the Java Runtime only recognizes class file versions up to 52.0
&amp#27;[35m[ADB]&amp#27;[39m 	at java.lang.ClassLoader.defineClass1(Native Method)
&amp#27;[35m[ADB]&amp#27;[39m 	at java.lang.ClassLoader.defineClass(ClassLoader.java:763)
&amp#27;[35m[ADB]&amp#27;[39m 	at java.security.SecureClassLoader.defineClass(SecureClassLoader.java:142)
&amp#27;[35m[ADB]&amp#27;[39m 	at java.net.URLClassLoader.defineClass(URLClassLoader.java:467)
&amp#27;[35m[ADB]&amp#27;[39m 	at java.net.URLClassLoader.access$100(URLClassLoader.java:73)
&amp#27;[35m[ADB]&amp#27;[39m 	at java.net.URLClassLoader$1.run(URLClassLoader.java:368)
&amp#27;[35m[ADB]&amp#27;[39m 	at java.net.URLClassLoader$1.run(URLClassLoader.java:362)
&amp#27;[35m[ADB]&amp#27;[39m 	at java.security.AccessController.doPrivileged(Native Method)
&amp#27;[35m[ADB]&amp#27;[39m 	at java.net.URLClassLoader.findClass(URLClassLoader.java:361)
&amp#27;[35m[ADB]&amp#27;[39m 	at java.lang.ClassLoader.loadClass(ClassLoader.java:424)
&amp#27;[35m[ADB]&amp#27;[39m 	at sun.misc.Launcher$AppClassLoader.loadClass(Launcher.java:331)
&amp#27;[35m[ADB]&amp#27;[39m 	at java.lang.ClassLoader.loadClass(ClassLoader.java:357)
&amp#27;[35m[ADB]&amp#27;[39m 	at sun.launcher.LauncherHelper.checkAndLoadMain(LauncherHelper.java:495)
&amp#27;[35m[ADB]&amp#27;[39m Error: A JNI error has occurred, please check your installation and try again
&amp#27;[35m[ADB]&amp#27;[39m Exception in thread "main" 
&amp#27;[35m[ADB]&amp#27;[39m Cannot use apksigner tool for signature verification. Original error: Command 'apksigner.bat verify --print-certs C:\\Users\\OnilVakharia\\AppData\\Roaming\\npm\\node_modules\\appium\\node_modules\\appium-uiautomator2-server\\apks\\appium-uiautomator2-server-v4.5.2.apk' exited with code 1
[debug] &amp#27;[35m[ADB]&amp#27;[39m Defaulting to verify.jar
[debug] &amp#27;[35m[ADB]&amp#27;[39m 'C:\Users\OnilVakharia\AppData\Roaming\npm\node_modules\appium\node_modules\appium-uiautomator2-server\apks\appium-uiautomator2-server-v4.5.2.apk' is already signed.
[debug] &amp#27;[35m[ADB]&amp#27;[39m Getting install status for io.appium.uiautomator2.server.test
[debug] &amp#27;[35m[ADB]&amp#27;[39m Running 'C:\Users\OnilVakharia\AppData\Local\Android\Sdk\platform-tools\adb.exe -P 5037 -s emulator-5554 shell dumpsys package io.appium.uiautomator2.server.test'
[debug] &amp#27;[35m[ADB]&amp#27;[39m 'io.appium.uiautomator2.server.test' is installed
[debug] &amp#27;[35m[ADB]&amp#27;[39m Checking app cert for C:\Users\OnilVakharia\AppData\Roaming\npm\node_modules\appium\node_modules\appium-uiautomator2-server\apks\appium-uiautomator2-server-debug-androidTest.apk
[debug] &amp#27;[35m[ADB]&amp#27;[39m Starting 'C:\Users\OnilVakharia\AppData\Local\Android\Sdk\build-tools\30.0.0\apksigner.bat' with args '["verify","--print-certs","C:\\Users\\OnilVakharia\\AppData\\Roaming\\npm\\node_modules\\appium\\node_modules\\appium-uiautomator2-server\\apks\\appium-uiautomator2-server-debug-androidTest.apk"]'
&amp#27;[35m[ADB]&amp#27;[39m Got an error during apksigner execution: Command 'apksigner.bat verify --print-certs C:\\Users\\OnilVakharia\\AppData\\Roaming\\npm\\node_modules\\appium\\node_modules\\appium-uiautomator2-server\\apks\\appium-uiautomator2-server-debug-androidTest.apk' exited with code 1
&amp#27;[35m[ADB]&amp#27;[39m apksigner stderr: java.lang.UnsupportedClassVersionError: com/android/apksigner/ApkSignerTool has been compiled by a more recent version of the Java Runtime (class file version 53.0), this version of the Java Runtime only recognizes class file versions up to 52.0
&amp#27;[35m[ADB]&amp#27;[39m 	at java.lang.ClassLoader.defineClass1(Native Method)
&amp#27;[35m[ADB]&amp#27;[39m 	at java.lang.ClassLoader.defineClass(ClassLoader.java:763)
&amp#27;[35m[ADB]&amp#27;[39m 	at java.security.SecureClassLoader.defineClass(SecureClassLoader.java:142)
&amp#27;[35m[ADB]&amp#27;[39m 	at java.net.URLClassLoader.defineClass(URLClassLoader.java:467)
&amp#27;[35m[ADB]&amp#27;[39m 	at java.net.URLClassLoader.access$100(URLClassLoader.java:73)
&amp#27;[35m[ADB]&amp#27;[39m 	at java.net.URLClassLoader$1.run(URLClassLoader.java:368)
&amp#27;[35m[ADB]&amp#27;[39m 	at java.net.URLClassLoader$1.run(URLClassLoader.java:362)
&amp#27;[35m[ADB]&amp#27;[39m 	at java.security.AccessController.doPrivileged(Native Method)
&amp#27;[35m[ADB]&amp#27;[39m 	at java.net.URLClassLoader.findClass(URLClassLoader.java:361)
&amp#27;[35m[ADB]&amp#27;[39m 	at java.lang.ClassLoader.loadClass(ClassLoader.java:424)
&amp#27;[35m[ADB]&amp#27;[39m 	at sun.misc.Launcher$AppClassLoader.loadClass(Launcher.java:331)
&amp#27;[35m[ADB]&amp#27;[39m 	at java.lang.ClassLoader.loadClass(ClassLoader.java:357)
&amp#27;[35m[ADB]&amp#27;[39m 	at sun.launcher.LauncherHelper.checkAndLoadMain(LauncherHelper.java:495)
&amp#27;[35m[ADB]&amp#27;[39m Error: A JNI error has occurred, please check your installation and try again
&amp#27;[35m[ADB]&amp#27;[39m Exception in thread "main" 
&amp#27;[35m[ADB]&amp#27;[39m Cannot use apksigner tool for signature verification. Original error: Command 'apksigner.bat verify --print-certs C:\\Users\\OnilVakharia\\AppData\\Roaming\\npm\\node_modules\\appium\\node_modules\\appium-uiautomator2-server\\apks\\appium-uiautomator2-server-debug-androidTest.apk' exited with code 1
[debug] &amp#27;[35m[ADB]&amp#27;[39m Defaulting to verify.jar
[debug] &amp#27;[35m[ADB]&amp#27;[39m 'C:\Users\OnilVakharia\AppData\Roaming\npm\node_modules\appium\node_modules\appium-uiautomator2-server\apks\appium-uiautomator2-server-debug-androidTest.apk' is already signed.
&amp#27;[35m[UiAutomator2]&amp#27;[39m Server packages are not going to be (re)installed
[debug] &amp#27;[35m[UiAutomator2]&amp#27;[39m Waiting up to 30000ms for services to be available
[debug] &amp#27;[35m[ADB]&amp#27;[39m Running 'C:\Users\OnilVakharia\AppData\Local\Android\Sdk\platform-tools\adb.exe -P 5037 -s emulator-5554 shell pm list instrumentation'
[debug] &amp#27;[35m[UiAutomator2]&amp#27;[39m Instrumentation target 'io.appium.uiautomator2.server.test/androidx.test.runner.AndroidJUnitRunner' is available
[debug] &amp#27;[35m[ADB]&amp#27;[39m Checking app cert for C:\Users\OnilVakharia\eclipse-workspace\AppiumFramework\src\General-Store.apk
[debug] &amp#27;[35m[ADB]&amp#27;[39m Starting 'C:\Users\OnilVakharia\AppData\Local\Android\Sdk\build-tools\30.0.0\apksigner.bat' with args '["verify","--print-certs","C:\\Users\\OnilVakharia\\eclipse-workspace\\AppiumFramework\\src\\General-Store.apk"]'
&amp#27;[35m[ADB]&amp#27;[39m Got an error during apksigner execution: Command 'apksigner.bat verify --print-certs C:\\Users\\OnilVakharia\\eclipse-workspace\\AppiumFramework\\src\\General-Store.apk' exited with code 1
&amp#27;[35m[ADB]&amp#27;[39m apksigner stderr: java.lang.UnsupportedClassVersionError: com/android/apksigner/ApkSignerTool has been compiled by a more recent version of the Java Runtime (class file version 53.0), this version of the Java Runtime only recognizes class file versions up to 52.0
&amp#27;[35m[ADB]&amp#27;[39m 	at java.lang.ClassLoader.defineClass1(Native Method)
&amp#27;[35m[ADB]&amp#27;[39m 	at java.lang.ClassLoader.defineClass(ClassLoader.java:763)
&amp#27;[35m[ADB]&amp#27;[39m 	at java.security.SecureClassLoader.defineClass(SecureClassLoader.java:142)
&amp#27;[35m[ADB]&amp#27;[39m 	at java.net.URLClassLoader.defineClass(URLClassLoader.java:467)
&amp#27;[35m[ADB]&amp#27;[39m 	at java.net.URLClassLoader.access$100(URLClassLoader.java:73)
&amp#27;[35m[ADB]&amp#27;[39m 	at java.net.URLClassLoader$1.run(URLClassLoader.java:368)
&amp#27;[35m[ADB]&amp#27;[39m 	at java.net.URLClassLoader$1.run(URLClassLoader.java:362)
&amp#27;[35m[ADB]&amp#27;[39m 	at java.security.AccessController.doPrivileged(Native Method)
&amp#27;[35m[ADB]&amp#27;[39m 	at java.net.URLClassLoader.findClass(URLClassLoader.java:361)
&amp#27;[35m[ADB]&amp#27;[39m 	at java.lang.ClassLoader.loadClass(ClassLoader.java:424)
&amp#27;[35m[ADB]&amp#27;[39m 	at sun.misc.Launcher$AppClassLoader.loadClass(Launcher.java:331)
&amp#27;[35m[ADB]&amp#27;[39m 	at java.lang.ClassLoader.loadClass(ClassLoader.java:357)
&amp#27;[35m[ADB]&amp#27;[39m 	at sun.launcher.LauncherHelper.checkAndLoadMain(LauncherHelper.java:495)
&amp#27;[35m[ADB]&amp#27;[39m Error: A JNI error has occurred, please check your installation and try again
&amp#27;[35m[ADB]&amp#27;[39m Exception in thread "main" 
&amp#27;[35m[ADB]&amp#27;[39m Cannot use apksigner tool for signature verification. Original error: Command 'apksigner.bat verify --print-certs C:\\Users\\OnilVakharia\\eclipse-workspace\\AppiumFramework\\src\\General-Store.apk' exited with code 1
[debug] &amp#27;[35m[ADB]&amp#27;[39m Defaulting to verify.jar
[debug] &amp#27;[35m[ADB]&amp#27;[39m 'C:\Users\OnilVakharia\eclipse-workspace\AppiumFramework\src\General-Store.apk' is already signed.
[debug] &amp#27;[35m[ADB]&amp#27;[39m Getting install status for com.androidsample.generalstore
[debug] &amp#27;[35m[ADB]&amp#27;[39m Running 'C:\Users\OnilVakharia\AppData\Local\Android\Sdk\platform-tools\adb.exe -P 5037 -s emulator-5554 shell dumpsys package com.androidsample.generalstore'
[debug] &amp#27;[35m[ADB]&amp#27;[39m 'com.androidsample.generalstore' is installed
[debug] &amp#27;[35m[ADB]&amp#27;[39m Getting package info for 'com.androidsample.generalstore'
[debug] &amp#27;[35m[ADB]&amp#27;[39m Running 'C:\Users\OnilVakharia\AppData\Local\Android\Sdk\platform-tools\adb.exe -P 5037 -s emulator-5554 shell dumpsys package com.androidsample.generalstore'
[debug] &amp#27;[35m[ADB]&amp#27;[39m The version name of the installed 'com.androidsample.generalstore' is greater or equal to the application version name ('1.0.0' >= '1.0.0')
[debug] &amp#27;[35m[ADB]&amp#27;[39m There is no need to install/upgrade 'C:\Users\OnilVakharia\eclipse-workspace\AppiumFramework\src\General-Store.apk'
&amp#27;[35m[AndroidDriver]&amp#27;[39m Performing fast reset on 'com.androidsample.generalstore'
[debug] &amp#27;[35m[ADB]&amp#27;[39m Getting install status for com.androidsample.generalstore
[debug] &amp#27;[35m[ADB]&amp#27;[39m Running 'C:\Users\OnilVakharia\AppData\Local\Android\Sdk\platform-tools\adb.exe -P 5037 -s emulator-5554 shell dumpsys package com.androidsample.generalstore'
[debug] &amp#27;[35m[ADB]&amp#27;[39m 'com.androidsample.generalstore' is installed
[debug] &amp#27;[35m[ADB]&amp#27;[39m Running 'C:\Users\OnilVakharia\AppData\Local\Android\Sdk\platform-tools\adb.exe -P 5037 -s emulator-5554 shell am force-stop com.androidsample.generalstore'
[debug] &amp#27;[35m[ADB]&amp#27;[39m Running 'C:\Users\OnilVakharia\AppData\Local\Android\Sdk\platform-tools\adb.exe -P 5037 -s emulator-5554 shell pm clear com.androidsample.generalstore'
[debug] &amp#27;[35m[AndroidDriver]&amp#27;[39m Performed fast reset on the installed 'com.androidsample.generalstore' application (stop and clear)
[debug] &amp#27;[35m[UiAutomator2]&amp#27;[39m Performing shallow cleanup of automation leftovers
[debug] &amp#27;[35m[UiAutomator2]&amp#27;[39m The following obsolete sessions are still running: ["e5a0b815-9cf9-4b2d-981a-881e6be3acff"]
[debug] &amp#27;[35m[UiAutomator2]&amp#27;[39m Cleaning up the obsolete sessions
[debug] &amp#27;[35m[ADB]&amp#27;[39m Running 'C:\Users\OnilVakharia\AppData\Local\Android\Sdk\platform-tools\adb.exe -P 5037 -s emulator-5554 shell am force-stop io.appium.uiautomator2.server.test'
&amp#27;[35m[UiAutomator2]&amp#27;[39m Starting UIAutomator2 server 4.5.2
&amp#27;[35m[UiAutomator2]&amp#27;[39m Using UIAutomator2 server from 'C:\Users\OnilVakharia\AppData\Roaming\npm\node_modules\appium\node_modules\appium-uiautomator2-server\apks\appium-uiautomator2-server-v4.5.2.apk' and test from 'C:\Users\OnilVakharia\AppData\Roaming\npm\node_modules\appium\node_modules\appium-uiautomator2-server\apks\appium-uiautomator2-server-debug-androidTest.apk'
&amp#27;[35m[UiAutomator2]&amp#27;[39m Waiting up to 30000ms for UiAutomator2 to be online...
[debug] &amp#27;[35m[ADB]&amp#27;[39m Creating ADB subprocess with args: ["-P",5037,"-s","emulator-5554","shell","am","instrument","-w","io.appium.uiautomator2.server.test/androidx.test.runner.AndroidJUnitRunner"]
[debug] &amp#27;[35m[Instrumentation]&amp#27;[39m io.appium.uiautomator2.server.test.AppiumUiAutomator2Server:
[debug] &amp#27;[35m[WD Proxy]&amp#27;[39m Matched '/status' to command name 'getStatus'
[debug] &amp#27;[35m[WD Proxy]&amp#27;[39m Proxying [GET /status] to [GET http://127.0.0.1:8224/wd/hub/status] with no body
&amp#27;[35m[WD Proxy]&amp#27;[39m Got an unexpected response with status undefined: {"code":"ECONNRESET"}
[debug] &amp#27;[35m[WD Proxy]&amp#27;[39m Matched '/status' to command name 'getStatus'
[debug] &amp#27;[35m[WD Proxy]&amp#27;[39m Proxying [GET /status] to [GET http://127.0.0.1:8224/wd/hub/status] with no body
[debug] &amp#27;[35m[WD Proxy]&amp#27;[39m Got response with status 200: {"sessionId":"None","value":{"ready":true,"message":"UiAutomator2 Server is ready to accept commands"}}
[debug] &amp#27;[35m[UiAutomator2]&amp#27;[39m The initialization of the instrumentation process took 2141ms
[debug] &amp#27;[35m[WD Proxy]&amp#27;[39m Matched '/session' to command name 'createSession'
[debug] &amp#27;[35m[WD Proxy]&amp#27;[39m Proxying [POST /session] to [POST http://127.0.0.1:8224/wd/hub/session] with body: {"capabilities":{"firstMatch":[{"platform":"LINUX","webStorageEnabled":false,"takesScreenshot":true,"javascriptEnabled":true,"databaseEnabled":false,"networkConnectionEnabled":true,"locationContextEnabled":false,"warnings":{},"desired":{"platformName":"android","app":"C:\\Users\\OnilVakharia\\eclipse-workspace\\AppiumFramework\\src\\General-Store.apk","automationName":"uiautomator2","deviceName":"emulator"},"platformName":"android","app":"C:\\Users\\OnilVakharia\\eclipse-workspace\\AppiumFramework\\src\\General-Store.apk","automationName":"uiautomator2","deviceName":"emulator-5554","deviceUDID":"emulator-5554","appPackage":"com.androidsample.generalstore"}],"alwaysMatch":{}}}
[debug] &amp#27;[35m[WD Proxy]&amp#27;[39m Got response with status 200: {"sessionId":"828e3d1c-4a98-4545-b85a-a2955bad8866","value":{"sessionId":"828e3d1c-4a98-4545-b85a-a2955bad8866","capabilities":{"firstMatch":[{"platform":"LINUX","webStorageEnabled":false,"takesScreenshot":true,"javascriptEnabled":true,"databaseEnabled":false,"networkConnectionEnabled":true,"locationContextEnabled":false,"warnings":{},"desired":{"platformName":"android","app":"C:\\Users\\OnilVakharia\\eclipse-workspace\\AppiumFramework\\src\\General-Store.apk","automationName":"uiautomator2","deviceName":"emulator"},"platformName":"android","app":"C:\\Users\\OnilVakharia\\eclipse-workspace\\AppiumFramework\\src\\General-Store.apk","automationName":"uiautomator2","deviceName":"emulator-5554","deviceUDID":"emulator-5554","appPackage":"com.androidsample.generalstore"}],"alwaysMatch":{}}}}
&amp#27;[35m[WD Proxy]&amp#27;[39m Determined the downstream protocol as 'W3C'
[debug] &amp#27;[35m[WD Proxy]&amp#27;[39m Proxying [GET /appium/device/info] to [GET http://127.0.0.1:8224/wd/hub/session/828e3d1c-4a98-4545-b85a-a2955bad8866/appium/device/info] with no body
[debug] &amp#27;[35m[WD Proxy]&amp#27;[39m Got response with status 200: {"sessionId":"828e3d1c-4a98-4545-b85a-a2955bad8866","value":{"androidId":"0edf25e43002c14a","manufacturer":"Google","model":"Android SDK built for x86_64","brand":"google","apiVersion":"28","platformVersion":"9","carrierName":"Android","realDisplaySize":"1080x1920","displayDensity":420,"networks":[{"type":0,"typeName":"MOBILE","subtype":13,"subtypeName":"LTE","isConnected":true,"detailedState":"CONNECTED","state":"CONNECTED","extraInfo":"epc.tmobile.com","isAvailable":true,"isFailover":false,"isRoaming":false,"capabilities":{"transportTypes":"TRANSPORT_CELLULAR","networkCapabilities":"NET_CAPABILITY_MMS,NET_CAPABILITY_SUPL,NET_CAPABILITY_DUN,NET_CAPABILITY_FOTA,NET_CAPABILITY_IMS,NET_CAPABILITY_CBS,NET_CAPABILITY_IA,NET_CAPABILITY_INTERNET,NET_CAPABILITY_NOT_RESTRICTED,NET_CAPABILITY_TRUSTED,NET_CAPABILITY_NOT_VPN,NET_CAPABILITY_VALIDATED,NET_CAPABILITY_NOT_ROAMING,NET_CAPABILITY_NOT_CONGESTED,NET_CAPABILITY_NOT_SUSPENDED","linkUpstreamBandwidthKbps":51200,"linkDownBandwidthKbps":102400,"signalStrength":-2...
[debug] &amp#27;[35m[ADB]&amp#27;[39m Running 'C:\Users\OnilVakharia\AppData\Local\Android\Sdk\platform-tools\adb.exe -P 5037 -s emulator-5554 shell dumpsys window'
&amp#27;[35m[AndroidDriver]&amp#27;[39m Screen already unlocked, doing nothing
&amp#27;[35m[UiAutomator2]&amp#27;[39m Starting 'com.androidsample.generalstore/com.androidsample.generalstore.SplashActivity and waiting for 'com.androidsample.generalstore/com.androidsample.generalstore.SplashActivity'
[debug] &amp#27;[35m[ADB]&amp#27;[39m Running 'C:\Users\OnilVakharia\AppData\Local\Android\Sdk\platform-tools\adb.exe -P 5037 -s emulator-5554 shell am start -W -n com.androidsample.generalstore/com.androidsample.generalstore.SplashActivity -S -a android.intent.action.MAIN -c android.intent.category.LAUNCHER -f 0x10200000'
[debug] &amp#27;[35m[ADB]&amp#27;[39m Waiting up to 20000ms for activity matching pkg: 'com.androidsample.generalstore' and activity: 'com.androidsample.generalstore.SplashActivity' to be focused
[debug] &amp#27;[35m[ADB]&amp#27;[39m Possible activities, to be checked: 'com.androidsample.generalstore.SplashActivity', 'com.androidsample.generalstore.com.androidsample.generalstore.SplashActivity'
[debug] &amp#27;[35m[ADB]&amp#27;[39m Getting focused package and activity
[debug] &amp#27;[35m[ADB]&amp#27;[39m Running 'C:\Users\OnilVakharia\AppData\Local\Android\Sdk\platform-tools\adb.exe -P 5037 -s emulator-5554 shell dumpsys window windows'
[debug] &amp#27;[35m[ADB]&amp#27;[39m Found package: 'com.androidsample.generalstore' and fully qualified activity name : 'com.androidsample.generalstore.SplashActivity'
[debug] &amp#27;[35m[WD Proxy]&amp#27;[39m Proxying [GET /appium/device/pixel_ratio] to [GET http://127.0.0.1:8224/wd/hub/session/828e3d1c-4a98-4545-b85a-a2955bad8866/appium/device/pixel_ratio] with body: {}
[debug] &amp#27;[35m[WD Proxy]&amp#27;[39m Got response with status 200: {"sessionId":"828e3d1c-4a98-4545-b85a-a2955bad8866","value":2.625}
[debug] &amp#27;[35m[WD Proxy]&amp#27;[39m Matched '/appium/device/system_bars' to command name 'getSystemBars'
[debug] &amp#27;[35m[WD Proxy]&amp#27;[39m Proxying [GET /appium/device/system_bars] to [GET http://127.0.0.1:8224/wd/hub/session/828e3d1c-4a98-4545-b85a-a2955bad8866/appium/device/system_bars] with body: {}
[debug] &amp#27;[35m[WD Proxy]&amp#27;[39m Got response with status 200: {"sessionId":"828e3d1c-4a98-4545-b85a-a2955bad8866","value":{"statusBar":63}}
[debug] &amp#27;[35m[WD Proxy]&amp#27;[39m Matched '/window/current/size' to command name 'getWindowSize'
[debug] &amp#27;[35m[WD Proxy]&amp#27;[39m Proxying [GET /window/current/size] to [GET http://127.0.0.1:8224/wd/hub/session/828e3d1c-4a98-4545-b85a-a2955bad8866/window/current/size] with body: {}
[debug] &amp#27;[35m[WD Proxy]&amp#27;[39m Got response with status 200: {"sessionId":"828e3d1c-4a98-4545-b85a-a2955bad8866","value":{"height":1794,"width":1080}}
&amp#27;[35m[Appium]&amp#27;[39m New AndroidUiautomator2Driver session created successfully, session a20fc25b-d98f-4b84-bc8b-0416c383bd3a added to master session list
[debug] &amp#27;[35m[BaseDriver]&amp#27;[39m Event 'newSessionStarted' logged at 1595767577966 (18:16:17 GMT+0530 (India Standard Time))
[debug] &amp#27;[35m[W3C (a20fc25b)]&amp#27;[39m Cached the protocol value 'W3C' for the new session a20fc25b-d98f-4b84-bc8b-0416c383bd3a
[debug] &amp#27;[35m[W3C (a20fc25b)]&amp#27;[39m Responding to client with driver.createSession() result: {"capabilities":{"platform":"LINUX","webStorageEnabled":false,"takesScreenshot":true,"javascriptEnabled":true,"databaseEnabled":false,"networkConnectionEnabled":true,"locationContextEnabled":false,"warnings":{},"desired":{"platformName":"android","app":"C:\\Users\\OnilVakharia\\eclipse-workspace\\AppiumFramework\\src\\General-Store.apk","automationName":"uiautomator2","deviceName":"emulator"},"platformName":"android","app":"C:\\Users\\OnilVakharia\\eclipse-workspace\\AppiumFramework\\src\\General-Store.apk","automationName":"uiautomator2","deviceName":"emulator-5554","deviceUDID":"emulator-5554","appPackage":"com.androidsample.generalstore","deviceApiLevel":28,"platformVersion":"9","deviceScreenSize":"1080x1920","deviceScreenDensity":420,"deviceModel":"Android SDK built for x86_64","deviceManufacturer":"Google","pixelRatio":2.625,"statBarHeight":63,"viewportRect":{"left":0,"top":63,"width":1080,"height":1731}}}
&amp#27;[35m[HTTP]&amp#27;[39m &amp#27;[37m<-- POST /wd/hub/session &amp#27;[39m&amp#27;[32m200&amp#27;[39m &amp#27;[90m7908 ms - 985&amp#27;[39m
&amp#27;[35m[HTTP]&amp#27;[39m &amp#27;[90m&amp#27;[39m
&amp#27;[35m[HTTP]&amp#27;[39m &amp#27;[37m-->&amp#27;[39m &amp#27;[37mGET&amp#27;[39m &amp#27;[37m/wd/hub/session/a20fc25b-d98f-4b84-bc8b-0416c383bd3a&amp#27;[39m
&amp#27;[35m[HTTP]&amp#27;[39m &amp#27;[90m{}&amp#27;[39m
[debug] &amp#27;[35m[W3C (a20fc25b)]&amp#27;[39m Calling AppiumDriver.getSession() with args: ["a20fc25b-d98f-4b84-bc8b-0416c383bd3a"]
[debug] &amp#27;[35m[UiAutomator2]&amp#27;[39m Getting session details from server to mix in
[debug] &amp#27;[35m[WD Proxy]&amp#27;[39m Matched '/' to command name 'getSession'
[debug] &amp#27;[35m[WD Proxy]&amp#27;[39m Proxying [GET /] to [GET http://127.0.0.1:8224/wd/hub/session/828e3d1c-4a98-4545-b85a-a2955bad8866] with body: {}
[debug] &amp#27;[35m[WD Proxy]&amp#27;[39m Got response with status 200: {"sessionId":"828e3d1c-4a98-4545-b85a-a2955bad8866","value":{}}
[debug] &amp#27;[35m[W3C (a20fc25b)]&amp#27;[39m Responding to client with driver.getSession() result: {"platform":"LINUX","webStorageEnabled":false,"takesScreenshot":true,"javascriptEnabled":true,"databaseEnabled":false,"networkConnectionEnabled":true,"locationContextEnabled":false,"warnings":{},"desired":{"platformName":"android","app":"C:\\Users\\OnilVakharia\\eclipse-workspace\\AppiumFramework\\src\\General-Store.apk","automationName":"uiautomator2","deviceName":"emulator"},"platformName":"android","app":"C:\\Users\\OnilVakharia\\eclipse-workspace\\AppiumFramework\\src\\General-Store.apk","automationName":"uiautomator2","deviceName":"emulator-5554","deviceUDID":"emulator-5554","appPackage":"com.androidsample.generalstore","deviceApiLevel":28,"platformVersion":"9","deviceScreenSize":"1080x1920","deviceScreenDensity":420,"deviceModel":"Android SDK built for x86_64","deviceManufacturer":"Google","pixelRatio":2.625,"statBarHeight":63,"viewportRect":{"left":0,"top":63,"width":1080,"height":1731}}
&amp#27;[35m[HTTP]&amp#27;[39m &amp#27;[37m<-- GET /wd/hub/session/a20fc25b-d98f-4b84-bc8b-0416c383bd3a &amp#27;[39m&amp#27;[32m200&amp#27;[39m &amp#27;[90m22 ms - 917&amp#27;[39m
&amp#27;[35m[HTTP]&amp#27;[39m &amp#27;[90m&amp#27;[39m
&amp#27;[35m[HTTP]&amp#27;[39m &amp#27;[37m-->&amp#27;[39m &amp#27;[37mGET&amp#27;[39m &amp#27;[37m/wd/hub/session/a20fc25b-d98f-4b84-bc8b-0416c383bd3a&amp#27;[39m
&amp#27;[35m[HTTP]&amp#27;[39m &amp#27;[90m{}&amp#27;[39m
[debug] &amp#27;[35m[W3C (a20fc25b)]&amp#27;[39m Calling AppiumDriver.getSession() with args: ["a20fc25b-d98f-4b84-bc8b-0416c383bd3a"]
[debug] &amp#27;[35m[UiAutomator2]&amp#27;[39m Getting session details from server to mix in
[debug] &amp#27;[35m[WD Proxy]&amp#27;[39m Matched '/' to command name 'getSession'
[debug] &amp#27;[35m[WD Proxy]&amp#27;[39m Proxying [GET /] to [GET http://127.0.0.1:8224/wd/hub/session/828e3d1c-4a98-4545-b85a-a2955bad8866] with body: {}
[debug] &amp#27;[35m[WD Proxy]&amp#27;[39m Got response with status 200: {"sessionId":"828e3d1c-4a98-4545-b85a-a2955bad8866","value":{}}
[debug] &amp#27;[35m[W3C (a20fc25b)]&amp#27;[39m Responding to client with driver.getSession() result: {"platform":"LINUX","webStorageEnabled":false,"takesScreenshot":true,"javascriptEnabled":true,"databaseEnabled":false,"networkConnectionEnabled":true,"locationContextEnabled":false,"warnings":{},"desired":{"platformName":"android","app":"C:\\Users\\OnilVakharia\\eclipse-workspace\\AppiumFramework\\src\\General-Store.apk","automationName":"uiautomator2","deviceName":"emulator"},"platformName":"android","app":"C:\\Users\\OnilVakharia\\eclipse-workspace\\AppiumFramework\\src\\General-Store.apk","automationName":"uiautomator2","deviceName":"emulator-5554","deviceUDID":"emulator-5554","appPackage":"com.androidsample.generalstore","deviceApiLevel":28,"platformVersion":"9","deviceScreenSize":"1080x1920","deviceScreenDensity":420,"deviceModel":"Android SDK built for x86_64","deviceManufacturer":"Google","pixelRatio":2.625,"statBarHeight":63,"viewportRect":{"left":0,"top":63,"width":1080,"height":1731}}
&amp#27;[35m[HTTP]&amp#27;[39m &amp#27;[37m<-- GET /wd/hub/session/a20fc25b-d98f-4b84-bc8b-0416c383bd3a &amp#27;[39m&amp#27;[32m200&amp#27;[39m &amp#27;[90m18 ms - 917&amp#27;[39m
&amp#27;[35m[HTTP]&amp#27;[39m &amp#27;[90m&amp#27;[39m
&amp#27;[35m[HTTP]&amp#27;[39m &amp#27;[37m-->&amp#27;[39m &amp#27;[37mPOST&amp#27;[39m &amp#27;[37m/wd/hub/session/a20fc25b-d98f-4b84-bc8b-0416c383bd3a/timeouts&amp#27;[39m
&amp#27;[35m[HTTP]&amp#27;[39m &amp#27;[90m{"implicit":20000}&amp#27;[39m
[debug] &amp#27;[35m[W3C (a20fc25b)]&amp#27;[39m Calling AppiumDriver.timeouts() with args: [null,null,null,null,20000,"a20fc25b-d98f-4b84-bc8b-0416c383bd3a"]
[debug] &amp#27;[35m[BaseDriver]&amp#27;[39m W3C timeout argument: {"implicit":20000}}
[debug] &amp#27;[35m[BaseDriver]&amp#27;[39m Set implicit wait to 20000ms
[debug] &amp#27;[35m[W3C (a20fc25b)]&amp#27;[39m Responding to client with driver.timeouts() result: null
&amp#27;[35m[HTTP]&amp#27;[39m &amp#27;[37m<-- POST /wd/hub/session/a20fc25b-d98f-4b84-bc8b-0416c383bd3a/timeouts &amp#27;[39m&amp#27;[32m200&amp#27;[39m &amp#27;[90m3 ms - 14&amp#27;[39m
&amp#27;[35m[HTTP]&amp#27;[39m &amp#27;[90m&amp#27;[39m
&amp#27;[35m[HTTP]&amp#27;[39m &amp#27;[37m-->&amp#27;[39m &amp#27;[37mGET&amp#27;[39m &amp#27;[37m/wd/hub/session/a20fc25b-d98f-4b84-bc8b-0416c383bd3a&amp#27;[39m
&amp#27;[35m[HTTP]&amp#27;[39m &amp#27;[90m{}&amp#27;[39m
[debug] &amp#27;[35m[W3C (a20fc25b)]&amp#27;[39m Calling AppiumDriver.getSession() with args: ["a20fc25b-d98f-4b84-bc8b-0416c383bd3a"]
[debug] &amp#27;[35m[UiAutomator2]&amp#27;[39m Getting session details from server to mix in
[debug] &amp#27;[35m[WD Proxy]&amp#27;[39m Matched '/' to command name 'getSession'
[debug] &amp#27;[35m[WD Proxy]&amp#27;[39m Proxying [GET /] to [GET http://127.0.0.1:8224/wd/hub/session/828e3d1c-4a98-4545-b85a-a2955bad8866] with body: {}
[debug] &amp#27;[35m[WD Proxy]&amp#27;[39m Got response with status 200: {"sessionId":"828e3d1c-4a98-4545-b85a-a2955bad8866","value":{}}
[debug] &amp#27;[35m[W3C (a20fc25b)]&amp#27;[39m Responding to client with driver.getSession() result: {"platform":"LINUX","webStorageEnabled":false,"takesScreenshot":true,"javascriptEnabled":true,"databaseEnabled":false,"networkConnectionEnabled":true,"locationContextEnabled":false,"warnings":{},"desired":{"platformName":"android","app":"C:\\Users\\OnilVakharia\\eclipse-workspace\\AppiumFramework\\src\\General-Store.apk","automationName":"uiautomator2","deviceName":"emulator"},"platformName":"android","app":"C:\\Users\\OnilVakharia\\eclipse-workspace\\AppiumFramework\\src\\General-Store.apk","automationName":"uiautomator2","deviceName":"emulator-5554","deviceUDID":"emulator-5554","appPackage":"com.androidsample.generalstore","deviceApiLevel":28,"platformVersion":"9","deviceScreenSize":"1080x1920","deviceScreenDensity":420,"deviceModel":"Android SDK built for x86_64","deviceManufacturer":"Google","pixelRatio":2.625,"statBarHeight":63,"viewportRect":{"left":0,"top":63,"width":1080,"height":1731}}
&amp#27;[35m[HTTP]&amp#27;[39m &amp#27;[37m<-- GET /wd/hub/session/a20fc25b-d98f-4b84-bc8b-0416c383bd3a &amp#27;[39m&amp#27;[32m200&amp#27;[39m &amp#27;[90m14 ms - 917&amp#27;[39m
&amp#27;[35m[HTTP]&amp#27;[39m &amp#27;[90m&amp#27;[39m
&amp#27;[35m[HTTP]&amp#27;[39m &amp#27;[37m-->&amp#27;[39m &amp#27;[37mGET&amp#27;[39m &amp#27;[37m/wd/hub/session/a20fc25b-d98f-4b84-bc8b-0416c383bd3a&amp#27;[39m
&amp#27;[35m[HTTP]&amp#27;[39m &amp#27;[90m{}&amp#27;[39m
[debug] &amp#27;[35m[W3C (a20fc25b)]&amp#27;[39m Calling AppiumDriver.getSession() with args: ["a20fc25b-d98f-4b84-bc8b-0416c383bd3a"]
[debug] &amp#27;[35m[UiAutomator2]&amp#27;[39m Getting session details from server to mix in
[debug] &amp#27;[35m[WD Proxy]&amp#27;[39m Matched '/' to command name 'getSession'
[debug] &amp#27;[35m[WD Proxy]&amp#27;[39m Proxying [GET /] to [GET http://127.0.0.1:8224/wd/hub/session/828e3d1c-4a98-4545-b85a-a2955bad8866] with body: {}
[debug] &amp#27;[35m[WD Proxy]&amp#27;[39m Got response with status 200: {"sessionId":"828e3d1c-4a98-4545-b85a-a2955bad8866","value":{}}
[debug] &amp#27;[35m[W3C (a20fc25b)]&amp#27;[39m Responding to client with driver.getSession() result: {"platform":"LINUX","webStorageEnabled":false,"takesScreenshot":true,"javascriptEnabled":true,"databaseEnabled":false,"networkConnectionEnabled":true,"locationContextEnabled":false,"warnings":{},"desired":{"platformName":"android","app":"C:\\Users\\OnilVakharia\\eclipse-workspace\\AppiumFramework\\src\\General-Store.apk","automationName":"uiautomator2","deviceName":"emulator"},"platformName":"android","app":"C:\\Users\\OnilVakharia\\eclipse-workspace\\AppiumFramework\\src\\General-Store.apk","automationName":"uiautomator2","deviceName":"emulator-5554","deviceUDID":"emulator-5554","appPackage":"com.androidsample.generalstore","deviceApiLevel":28,"platformVersion":"9","deviceScreenSize":"1080x1920","deviceScreenDensity":420,"deviceModel":"Android SDK built for x86_64","deviceManufacturer":"Google","pixelRatio":2.625,"statBarHeight":63,"viewportRect":{"left":0,"top":63,"width":1080,"height":1731}}
&amp#27;[35m[HTTP]&amp#27;[39m &amp#27;[37m<-- GET /wd/hub/session/a20fc25b-d98f-4b84-bc8b-0416c383bd3a &amp#27;[39m&amp#27;[32m200&amp#27;[39m &amp#27;[90m17 ms - 917&amp#27;[39m
&amp#27;[35m[HTTP]&amp#27;[39m &amp#27;[90m&amp#27;[39m
&amp#27;[35m[HTTP]&amp#27;[39m &amp#27;[37m-->&amp#27;[39m &amp#27;[37mGET&amp#27;[39m &amp#27;[37m/wd/hub/session/a20fc25b-d98f-4b84-bc8b-0416c383bd3a&amp#27;[39m
&amp#27;[35m[HTTP]&amp#27;[39m &amp#27;[90m{}&amp#27;[39m
[debug] &amp#27;[35m[W3C (a20fc25b)]&amp#27;[39m Calling AppiumDriver.getSession() with args: ["a20fc25b-d98f-4b84-bc8b-0416c383bd3a"]
[debug] &amp#27;[35m[UiAutomator2]&amp#27;[39m Getting session details from server to mix in
[debug] &amp#27;[35m[WD Proxy]&amp#27;[39m Matched '/' to command name 'getSession'
[debug] &amp#27;[35m[WD Proxy]&amp#27;[39m Proxying [GET /] to [GET http://127.0.0.1:8224/wd/hub/session/828e3d1c-4a98-4545-b85a-a2955bad8866] with body: {}
[debug] &amp#27;[35m[WD Proxy]&amp#27;[39m Got response with status 200: {"sessionId":"828e3d1c-4a98-4545-b85a-a2955bad8866","value":{}}
[debug] &amp#27;[35m[W3C (a20fc25b)]&amp#27;[39m Responding to client with driver.getSession() result: {"platform":"LINUX","webStorageEnabled":false,"takesScreenshot":true,"javascriptEnabled":true,"databaseEnabled":false,"networkConnectionEnabled":true,"locationContextEnabled":false,"warnings":{},"desired":{"platformName":"android","app":"C:\\Users\\OnilVakharia\\eclipse-workspace\\AppiumFramework\\src\\General-Store.apk","automationName":"uiautomator2","deviceName":"emulator"},"platformName":"android","app":"C:\\Users\\OnilVakharia\\eclipse-workspace\\AppiumFramework\\src\\General-Store.apk","automationName":"uiautomator2","deviceName":"emulator-5554","deviceUDID":"emulator-5554","appPackage":"com.androidsample.generalstore","deviceApiLevel":28,"platformVersion":"9","deviceScreenSize":"1080x1920","deviceScreenDensity":420,"deviceModel":"Android SDK built for x86_64","deviceManufacturer":"Google","pixelRatio":2.625,"statBarHeight":63,"viewportRect":{"left":0,"top":63,"width":1080,"height":1731}}
&amp#27;[35m[HTTP]&amp#27;[39m &amp#27;[37m<-- GET /wd/hub/session/a20fc25b-d98f-4b84-bc8b-0416c383bd3a &amp#27;[39m&amp#27;[32m200&amp#27;[39m &amp#27;[90m20 ms - 917&amp#27;[39m
&amp#27;[35m[HTTP]&amp#27;[39m &amp#27;[90m&amp#27;[39m
&amp#27;[35m[HTTP]&amp#27;[39m &amp#27;[37m-->&amp#27;[39m &amp#27;[37mPOST&amp#27;[39m &amp#27;[37m/wd/hub/session/a20fc25b-d98f-4b84-bc8b-0416c383bd3a/element&amp#27;[39m
&amp#27;[35m[HTTP]&amp#27;[39m &amp#27;[90m{"using":"id","value":"android:id/text1"}&amp#27;[39m
[debug] &amp#27;[35m[W3C (a20fc25b)]&amp#27;[39m Calling AppiumDriver.findElement() with args: ["id","android:id/text1","a20fc25b-d98f-4b84-bc8b-0416c383bd3a"]
[debug] &amp#27;[35m[BaseDriver]&amp#27;[39m Valid locator strategies for this request: xpath, id, class name, accessibility id, -android uiautomator
[debug] &amp#27;[35m[BaseDriver]&amp#27;[39m Waiting up to 20000 ms for condition
[debug] &amp#27;[35m[WD Proxy]&amp#27;[39m Matched '/element' to command name 'findElement'
[debug] &amp#27;[35m[WD Proxy]&amp#27;[39m Proxying [POST /element] to [POST http://127.0.0.1:8224/wd/hub/session/828e3d1c-4a98-4545-b85a-a2955bad8866/element] with body: {"strategy":"id","selector":"android:id/text1","context":"","multiple":false}
&amp#27;[35m[WD Proxy]&amp#27;[39m Got an unexpected response with status 404: {"sessionId":"828e3d1c-4a98-4545-b85a-a2955bad8866","value":{"error":"no such element","message":"An element could not be located on the page using the given search parameters","stacktrace":"io.appium.uiautomator2.common.exceptions.ElementNotFoundException: An element could not be located on the page using the given search parameters\n\tat io.appium.uiautomator2.handler.FindElement.safeHandle(FindElement.java:78)\n\tat io.appium.uiautomator2.handler.request.SafeRequestHandler.handle(SafeRequestHandler.java:38)\n\tat io.appium.uiautomator2.server.AppiumServlet.handleRequest(AppiumServlet.java:252)\n\tat io.appium.uiautomator2.server.AppiumServlet.handleHttpRequest(AppiumServlet.java:242)\n\tat io.appium.uiautomator2.http.ServerHandler.channelRead(ServerHandler.java:51)\n\tat io.netty.channel.AbstractChannelHandlerContext.invokeChannelRead(AbstractChannelHandlerContext.java:366)\n\tat io.netty.channel.AbstractChannelHandlerContext.invokeChannelRead(AbstractChannelHandlerContext.java:352)\n\tat io.netty.chann...
[debug] &amp#27;[35m[W3C]&amp#27;[39m Matched W3C error code 'no such element' to NoSuchElementError
[debug] &amp#27;[35m[BaseDriver]&amp#27;[39m Waited for 258 ms so far
[debug] &amp#27;[35m[WD Proxy]&amp#27;[39m Matched '/element' to command name 'findElement'
[debug] &amp#27;[35m[WD Proxy]&amp#27;[39m Proxying [POST /element] to [POST http://127.0.0.1:8224/wd/hub/session/828e3d1c-4a98-4545-b85a-a2955bad8866/element] with body: {"strategy":"id","selector":"android:id/text1","context":"","multiple":false}
&amp#27;[35m[WD Proxy]&amp#27;[39m Got an unexpected response with status 404: {"sessionId":"828e3d1c-4a98-4545-b85a-a2955bad8866","value":{"error":"no such element","message":"An element could not be located on the page using the given search parameters","stacktrace":"io.appium.uiautomator2.common.exceptions.ElementNotFoundException: An element could not be located on the page using the given search parameters\n\tat io.appium.uiautomator2.handler.FindElement.safeHandle(FindElement.java:78)\n\tat io.appium.uiautomator2.handler.request.SafeRequestHandler.handle(SafeRequestHandler.java:38)\n\tat io.appium.uiautomator2.server.AppiumServlet.handleRequest(AppiumServlet.java:252)\n\tat io.appium.uiautomator2.server.AppiumServlet.handleHttpRequest(AppiumServlet.java:242)\n\tat io.appium.uiautomator2.http.ServerHandler.channelRead(ServerHandler.java:51)\n\tat io.netty.channel.AbstractChannelHandlerContext.invokeChannelRead(AbstractChannelHandlerContext.java:366)\n\tat io.netty.channel.AbstractChannelHandlerContext.invokeChannelRead(AbstractChannelHandlerContext.java:352)\n\tat io.netty.chann...
[debug] &amp#27;[35m[W3C]&amp#27;[39m Matched W3C error code 'no such element' to NoSuchElementError
[debug] &amp#27;[35m[BaseDriver]&amp#27;[39m Waited for 779 ms so far
[debug] &amp#27;[35m[WD Proxy]&amp#27;[39m Matched '/element' to command name 'findElement'
[debug] &amp#27;[35m[WD Proxy]&amp#27;[39m Proxying [POST /element] to [POST http://127.0.0.1:8224/wd/hub/session/828e3d1c-4a98-4545-b85a-a2955bad8866/element] with body: {"strategy":"id","selector":"android:id/text1","context":"","multiple":false}
&amp#27;[35m[WD Proxy]&amp#27;[39m Got an unexpected response with status 404: {"sessionId":"828e3d1c-4a98-4545-b85a-a2955bad8866","value":{"error":"no such element","message":"An element could not be located on the page using the given search parameters","stacktrace":"io.appium.uiautomator2.common.exceptions.ElementNotFoundException: An element could not be located on the page using the given search parameters\n\tat io.appium.uiautomator2.handler.FindElement.safeHandle(FindElement.java:78)\n\tat io.appium.uiautomator2.handler.request.SafeRequestHandler.handle(SafeRequestHandler.java:38)\n\tat io.appium.uiautomator2.server.AppiumServlet.handleRequest(AppiumServlet.java:252)\n\tat io.appium.uiautomator2.server.AppiumServlet.handleHttpRequest(AppiumServlet.java:242)\n\tat io.appium.uiautomator2.http.ServerHandler.channelRead(ServerHandler.java:51)\n\tat io.netty.channel.AbstractChannelHandlerContext.invokeChannelRead(AbstractChannelHandlerContext.java:366)\n\tat io.netty.channel.AbstractChannelHandlerContext.invokeChannelRead(AbstractChannelHandlerContext.java:352)\n\tat io.netty.chann...
[debug] &amp#27;[35m[W3C]&amp#27;[39m Matched W3C error code 'no such element' to NoSuchElementError
[debug] &amp#27;[35m[BaseDriver]&amp#27;[39m Waited for 1307 ms so far
[debug] &amp#27;[35m[WD Proxy]&amp#27;[39m Matched '/element' to command name 'findElement'
[debug] &amp#27;[35m[WD Proxy]&amp#27;[39m Proxying [POST /element] to [POST http://127.0.0.1:8224/wd/hub/session/828e3d1c-4a98-4545-b85a-a2955bad8866/element] with body: {"strategy":"id","selector":"android:id/text1","context":"","multiple":false}
&amp#27;[35m[WD Proxy]&amp#27;[39m Got an unexpected response with status 404: {"sessionId":"828e3d1c-4a98-4545-b85a-a2955bad8866","value":{"error":"no such element","message":"An element could not be located on the page using the given search parameters","stacktrace":"io.appium.uiautomator2.common.exceptions.ElementNotFoundException: An element could not be located on the page using the given search parameters\n\tat io.appium.uiautomator2.handler.FindElement.safeHandle(FindElement.java:78)\n\tat io.appium.uiautomator2.handler.request.SafeRequestHandler.handle(SafeRequestHandler.java:38)\n\tat io.appium.uiautomator2.server.AppiumServlet.handleRequest(AppiumServlet.java:252)\n\tat io.appium.uiautomator2.server.AppiumServlet.handleHttpRequest(AppiumServlet.java:242)\n\tat io.appium.uiautomator2.http.ServerHandler.channelRead(ServerHandler.java:51)\n\tat io.netty.channel.AbstractChannelHandlerContext.invokeChannelRead(AbstractChannelHandlerContext.java:366)\n\tat io.netty.channel.AbstractChannelHandlerContext.invokeChannelRead(AbstractChannelHandlerContext.java:352)\n\tat io.netty.chann...
[debug] &amp#27;[35m[W3C]&amp#27;[39m Matched W3C error code 'no such element' to NoSuchElementError
[debug] &amp#27;[35m[BaseDriver]&amp#27;[39m Waited for 1850 ms so far
[debug] &amp#27;[35m[WD Proxy]&amp#27;[39m Matched '/element' to command name 'findElement'
[debug] &amp#27;[35m[WD Proxy]&amp#27;[39m Proxying [POST /element] to [POST http://127.0.0.1:8224/wd/hub/session/828e3d1c-4a98-4545-b85a-a2955bad8866/element] with body: {"strategy":"id","selector":"android:id/text1","context":"","multiple":false}
[debug] &amp#27;[35m[WD Proxy]&amp#27;[39m Got response with status 200: {"sessionId":"828e3d1c-4a98-4545-b85a-a2955bad8866","value":{"ELEMENT":"a188f1c3-850d-4204-af53-b470d12eea6d","element-6066-11e4-a52e-4f735466cecf":"a188f1c3-850d-4204-af53-b470d12eea6d"}}
[debug] &amp#27;[35m[W3C (a20fc25b)]&amp#27;[39m Responding to client with driver.findElement() result: {"element-6066-11e4-a52e-4f735466cecf":"a188f1c3-850d-4204-af53-b470d12eea6d","ELEMENT":"a188f1c3-850d-4204-af53-b470d12eea6d"}
&amp#27;[35m[HTTP]&amp#27;[39m &amp#27;[37m<-- POST /wd/hub/session/a20fc25b-d98f-4b84-bc8b-0416c383bd3a/element &amp#27;[39m&amp#27;[32m200&amp#27;[39m &amp#27;[90m3224 ms - 137&amp#27;[39m
&amp#27;[35m[HTTP]&amp#27;[39m &amp#27;[90m&amp#27;[39m
&amp#27;[35m[HTTP]&amp#27;[39m &amp#27;[37m-->&amp#27;[39m &amp#27;[37mPOST&amp#27;[39m &amp#27;[37m/wd/hub/session/a20fc25b-d98f-4b84-bc8b-0416c383bd3a/element/a188f1c3-850d-4204-af53-b470d12eea6d/click&amp#27;[39m
&amp#27;[35m[HTTP]&amp#27;[39m &amp#27;[90m{"id":"a188f1c3-850d-4204-af53-b470d12eea6d"}&amp#27;[39m
[debug] &amp#27;[35m[W3C (a20fc25b)]&amp#27;[39m Calling AppiumDriver.click() with args: ["a188f1c3-850d-4204-af53-b470d12eea6d","a20fc25b-d98f-4b84-bc8b-0416c383bd3a"]
[debug] &amp#27;[35m[WD Proxy]&amp#27;[39m Matched '/element/a188f1c3-850d-4204-af53-b470d12eea6d/click' to command name 'click'
[debug] &amp#27;[35m[WD Proxy]&amp#27;[39m Proxying [POST /element/a188f1c3-850d-4204-af53-b470d12eea6d/click] to [POST http://127.0.0.1:8224/wd/hub/session/828e3d1c-4a98-4545-b85a-a2955bad8866/element/a188f1c3-850d-4204-af53-b470d12eea6d/click] with body: {"element":"a188f1c3-850d-4204-af53-b470d12eea6d"}
[debug] &amp#27;[35m[WD Proxy]&amp#27;[39m Got response with status 200: {"sessionId":"828e3d1c-4a98-4545-b85a-a2955bad8866","value":null}
[debug] &amp#27;[35m[W3C (a20fc25b)]&amp#27;[39m Responding to client with driver.click() result: null
&amp#27;[35m[HTTP]&amp#27;[39m &amp#27;[37m<-- POST /wd/hub/session/a20fc25b-d98f-4b84-bc8b-0416c383bd3a/element/a188f1c3-850d-4204-af53-b470d12eea6d/click &amp#27;[39m&amp#27;[32m200&amp#27;[39m &amp#27;[90m25 ms - 14&amp#27;[39m
&amp#27;[35m[HTTP]&amp#27;[39m &amp#27;[90m&amp#27;[39m
&amp#27;[35m[HTTP]&amp#27;[39m &amp#27;[37m-->&amp#27;[39m &amp#27;[37mPOST&amp#27;[39m &amp#27;[37m/wd/hub/session/a20fc25b-d98f-4b84-bc8b-0416c383bd3a/element&amp#27;[39m
&amp#27;[35m[HTTP]&amp#27;[39m &amp#27;[90m{"using":"-android uiautomator","value":"new UiScrollable(new UiSelector().scrollable(true).instance(0)).scrollIntoView(new UiSelector().textMatches(\"Argentina\").instance(0))"}&amp#27;[39m
[debug] &amp#27;[35m[W3C (a20fc25b)]&amp#27;[39m Calling AppiumDriver.findElement() with args: ["-android uiautomator","new UiScrollable(new UiSelector().scrollable(true).instance(0)).scrollIntoView(new UiSelector().textMatches(\"Argentina\").instance(0))","a20fc25b-d98f-4b84-bc8b-0416c383bd3a"]
[debug] &amp#27;[35m[BaseDriver]&amp#27;[39m Valid locator strategies for this request: xpath, id, class name, accessibility id, -android uiautomator
[debug] &amp#27;[35m[BaseDriver]&amp#27;[39m Waiting up to 20000 ms for condition
[debug] &amp#27;[35m[WD Proxy]&amp#27;[39m Matched '/element' to command name 'findElement'
[debug] &amp#27;[35m[WD Proxy]&amp#27;[39m Proxying [POST /element] to [POST http://127.0.0.1:8224/wd/hub/session/828e3d1c-4a98-4545-b85a-a2955bad8866/element] with body: {"strategy":"-android uiautomator","selector":"new UiScrollable(new UiSelector().scrollable(true).instance(0)).scrollIntoView(new UiSelector().textMatches(\"Argentina\").instance(0))","context":"","multiple":false}
[debug] &amp#27;[35m[WD Proxy]&amp#27;[39m Got response with status 200: {"sessionId":"828e3d1c-4a98-4545-b85a-a2955bad8866","value":{"ELEMENT":"64f1e6d5-8287-4487-b656-1705bdacae66","element-6066-11e4-a52e-4f735466cecf":"64f1e6d5-8287-4487-b656-1705bdacae66"}}
[debug] &amp#27;[35m[W3C (a20fc25b)]&amp#27;[39m Responding to client with driver.findElement() result: {"element-6066-11e4-a52e-4f735466cecf":"64f1e6d5-8287-4487-b656-1705bdacae66","ELEMENT":"64f1e6d5-8287-4487-b656-1705bdacae66"}
&amp#27;[35m[HTTP]&amp#27;[39m &amp#27;[37m<-- POST /wd/hub/session/a20fc25b-d98f-4b84-bc8b-0416c383bd3a/element &amp#27;[39m&amp#27;[32m200&amp#27;[39m &amp#27;[90m4286 ms - 137&amp#27;[39m
&amp#27;[35m[HTTP]&amp#27;[39m &amp#27;[90m&amp#27;[39m
Trying to find out Agentina Country
&amp#27;[35m[HTTP]&amp#27;[39m &amp#27;[37m-->&amp#27;[39m &amp#27;[37mGET&amp#27;[39m &amp#27;[37m/wd/hub/session/a20fc25b-d98f-4b84-bc8b-0416c383bd3a&amp#27;[39m
&amp#27;[35m[HTTP]&amp#27;[39m &amp#27;[90m{}&amp#27;[39m
[debug] &amp#27;[35m[W3C (a20fc25b)]&amp#27;[39m Calling AppiumDriver.getSession() with args: ["a20fc25b-d98f-4b84-bc8b-0416c383bd3a"]
[debug] &amp#27;[35m[UiAutomator2]&amp#27;[39m Getting session details from server to mix in
[debug] &amp#27;[35m[WD Proxy]&amp#27;[39m Matched '/' to command name 'getSession'
[debug] &amp#27;[35m[WD Proxy]&amp#27;[39m Proxying [GET /] to [GET http://127.0.0.1:8224/wd/hub/session/828e3d1c-4a98-4545-b85a-a2955bad8866] with body: {}
[debug] &amp#27;[35m[WD Proxy]&amp#27;[39m Got response with status 200: {"sessionId":"828e3d1c-4a98-4545-b85a-a2955bad8866","value":{}}
[debug] &amp#27;[35m[W3C (a20fc25b)]&amp#27;[39m Responding to client with driver.getSession() result: {"platform":"LINUX","webStorageEnabled":false,"takesScreenshot":true,"javascriptEnabled":true,"databaseEnabled":false,"networkConnectionEnabled":true,"locationContextEnabled":false,"warnings":{},"desired":{"platformName":"android","app":"C:\\Users\\OnilVakharia\\eclipse-workspace\\AppiumFramework\\src\\General-Store.apk","automationName":"uiautomator2","deviceName":"emulator"},"platformName":"android","app":"C:\\Users\\OnilVakharia\\eclipse-workspace\\AppiumFramework\\src\\General-Store.apk","automationName":"uiautomator2","deviceName":"emulator-5554","deviceUDID":"emulator-5554","appPackage":"com.androidsample.generalstore","deviceApiLevel":28,"platformVersion":"9","deviceScreenSize":"1080x1920","deviceScreenDensity":420,"deviceModel":"Android SDK built for x86_64","deviceManufacturer":"Google","pixelRatio":2.625,"statBarHeight":63,"viewportRect":{"left":0,"top":63,"width":1080,"height":1731}}
&amp#27;[35m[HTTP]&amp#27;[39m &amp#27;[37m<-- GET /wd/hub/session/a20fc25b-d98f-4b84-bc8b-0416c383bd3a &amp#27;[39m&amp#27;[32m200&amp#27;[39m &amp#27;[90m16 ms - 917&amp#27;[39m
&amp#27;[35m[HTTP]&amp#27;[39m &amp#27;[90m&amp#27;[39m
&amp#27;[35m[HTTP]&amp#27;[39m &amp#27;[37m-->&amp#27;[39m &amp#27;[37mPOST&amp#27;[39m &amp#27;[37m/wd/hub/session/a20fc25b-d98f-4b84-bc8b-0416c383bd3a/element&amp#27;[39m
&amp#27;[35m[HTTP]&amp#27;[39m &amp#27;[90m{"using":"xpath","value":"//*[@text='Argentina']"}&amp#27;[39m
[debug] &amp#27;[35m[W3C (a20fc25b)]&amp#27;[39m Calling AppiumDriver.findElement() with args: ["xpath","//*[@text='Argentina']","a20fc25b-d98f-4b84-bc8b-0416c383bd3a"]
[debug] &amp#27;[35m[BaseDriver]&amp#27;[39m Valid locator strategies for this request: xpath, id, class name, accessibility id, -android uiautomator
[debug] &amp#27;[35m[BaseDriver]&amp#27;[39m Waiting up to 20000 ms for condition
[debug] &amp#27;[35m[WD Proxy]&amp#27;[39m Matched '/element' to command name 'findElement'
[debug] &amp#27;[35m[WD Proxy]&amp#27;[39m Proxying [POST /element] to [POST http://127.0.0.1:8224/wd/hub/session/828e3d1c-4a98-4545-b85a-a2955bad8866/element] with body: {"strategy":"xpath","selector":"//*[@text='Argentina']","context":"","multiple":false}
[debug] &amp#27;[35m[WD Proxy]&amp#27;[39m Got response with status 200: {"sessionId":"828e3d1c-4a98-4545-b85a-a2955bad8866","value":{"ELEMENT":"138a209d-f102-432c-81ae-7eaff7025529","element-6066-11e4-a52e-4f735466cecf":"138a209d-f102-432c-81ae-7eaff7025529"}}
[debug] &amp#27;[35m[W3C (a20fc25b)]&amp#27;[39m Responding to client with driver.findElement() result: {"element-6066-11e4-a52e-4f735466cecf":"138a209d-f102-432c-81ae-7eaff7025529","ELEMENT":"138a209d-f102-432c-81ae-7eaff7025529"}
&amp#27;[35m[HTTP]&amp#27;[39m &amp#27;[37m<-- POST /wd/hub/session/a20fc25b-d98f-4b84-bc8b-0416c383bd3a/element &amp#27;[39m&amp#27;[32m200&amp#27;[39m &amp#27;[90m158 ms - 137&amp#27;[39m
&amp#27;[35m[HTTP]&amp#27;[39m &amp#27;[90m&amp#27;[39m
&amp#27;[35m[HTTP]&amp#27;[39m &amp#27;[37m-->&amp#27;[39m &amp#27;[37mPOST&amp#27;[39m &amp#27;[37m/wd/hub/session/a20fc25b-d98f-4b84-bc8b-0416c383bd3a/element/138a209d-f102-432c-81ae-7eaff7025529/click&amp#27;[39m
&amp#27;[35m[HTTP]&amp#27;[39m &amp#27;[90m{"id":"138a209d-f102-432c-81ae-7eaff7025529"}&amp#27;[39m
[debug] &amp#27;[35m[W3C (a20fc25b)]&amp#27;[39m Calling AppiumDriver.click() with args: ["138a209d-f102-432c-81ae-7eaff7025529","a20fc25b-d98f-4b84-bc8b-0416c383bd3a"]
[debug] &amp#27;[35m[WD Proxy]&amp#27;[39m Matched '/element/138a209d-f102-432c-81ae-7eaff7025529/click' to command name 'click'
[debug] &amp#27;[35m[WD Proxy]&amp#27;[39m Proxying [POST /element/138a209d-f102-432c-81ae-7eaff7025529/click] to [POST http://127.0.0.1:8224/wd/hub/session/828e3d1c-4a98-4545-b85a-a2955bad8866/element/138a209d-f102-432c-81ae-7eaff7025529/click] with body: {"element":"138a209d-f102-432c-81ae-7eaff7025529"}
[debug] &amp#27;[35m[WD Proxy]&amp#27;[39m Got response with status 200: {"sessionId":"828e3d1c-4a98-4545-b85a-a2955bad8866","value":null}
[debug] &amp#27;[35m[W3C (a20fc25b)]&amp#27;[39m Responding to client with driver.click() result: null
&amp#27;[35m[HTTP]&amp#27;[39m &amp#27;[37m<-- POST /wd/hub/session/a20fc25b-d98f-4b84-bc8b-0416c383bd3a/element/138a209d-f102-432c-81ae-7eaff7025529/click &amp#27;[39m&amp#27;[32m200&amp#27;[39m &amp#27;[90m671 ms - 14&amp#27;[39m
&amp#27;[35m[HTTP]&amp#27;[39m &amp#27;[90m&amp#27;[39m
&amp#27;[35m[HTTP]&amp#27;[39m &amp#27;[37m-->&amp#27;[39m &amp#27;[37mGET&amp#27;[39m &amp#27;[37m/wd/hub/session/a20fc25b-d98f-4b84-bc8b-0416c383bd3a&amp#27;[39m
&amp#27;[35m[HTTP]&amp#27;[39m &amp#27;[90m{}&amp#27;[39m
[debug] &amp#27;[35m[W3C (a20fc25b)]&amp#27;[39m Calling AppiumDriver.getSession() with args: ["a20fc25b-d98f-4b84-bc8b-0416c383bd3a"]
[debug] &amp#27;[35m[UiAutomator2]&amp#27;[39m Getting session details from server to mix in
[debug] &amp#27;[35m[WD Proxy]&amp#27;[39m Matched '/' to command name 'getSession'
[debug] &amp#27;[35m[WD Proxy]&amp#27;[39m Proxying [GET /] to [GET http://127.0.0.1:8224/wd/hub/session/828e3d1c-4a98-4545-b85a-a2955bad8866] with body: {}
[debug] &amp#27;[35m[WD Proxy]&amp#27;[39m Got response with status 200: {"sessionId":"828e3d1c-4a98-4545-b85a-a2955bad8866","value":{}}
[debug] &amp#27;[35m[W3C (a20fc25b)]&amp#27;[39m Responding to client with driver.getSession() result: {"platform":"LINUX","webStorageEnabled":false,"takesScreenshot":true,"javascriptEnabled":true,"databaseEnabled":false,"networkConnectionEnabled":true,"locationContextEnabled":false,"warnings":{},"desired":{"platformName":"android","app":"C:\\Users\\OnilVakharia\\eclipse-workspace\\AppiumFramework\\src\\General-Store.apk","automationName":"uiautomator2","deviceName":"emulator"},"platformName":"android","app":"C:\\Users\\OnilVakharia\\eclipse-workspace\\AppiumFramework\\src\\General-Store.apk","automationName":"uiautomator2","deviceName":"emulator-5554","deviceUDID":"emulator-5554","appPackage":"com.androidsample.generalstore","deviceApiLevel":28,"platformVersion":"9","deviceScreenSize":"1080x1920","deviceScreenDensity":420,"deviceModel":"Android SDK built for x86_64","deviceManufacturer":"Google","pixelRatio":2.625,"statBarHeight":63,"viewportRect":{"left":0,"top":63,"width":1080,"height":1731}}
&amp#27;[35m[HTTP]&amp#27;[39m &amp#27;[37m<-- GET /wd/hub/session/a20fc25b-d98f-4b84-bc8b-0416c383bd3a &amp#27;[39m&amp#27;[32m200&amp#27;[39m &amp#27;[90m8 ms - 917&amp#27;[39m
&amp#27;[35m[HTTP]&amp#27;[39m &amp#27;[90m&amp#27;[39m
&amp#27;[35m[HTTP]&amp#27;[39m &amp#27;[37m-->&amp#27;[39m &amp#27;[37mPOST&amp#27;[39m &amp#27;[37m/wd/hub/session/a20fc25b-d98f-4b84-bc8b-0416c383bd3a/element&amp#27;[39m
&amp#27;[35m[HTTP]&amp#27;[39m &amp#27;[90m{"using":"xpath","value":"//*[@text='Enter name here']"}&amp#27;[39m
[debug] &amp#27;[35m[W3C (a20fc25b)]&amp#27;[39m Calling AppiumDriver.findElement() with args: ["xpath","//*[@text='Enter name here']","a20fc25b-d98f-4b84-bc8b-0416c383bd3a"]
[debug] &amp#27;[35m[BaseDriver]&amp#27;[39m Valid locator strategies for this request: xpath, id, class name, accessibility id, -android uiautomator
[debug] &amp#27;[35m[BaseDriver]&amp#27;[39m Waiting up to 20000 ms for condition
[debug] &amp#27;[35m[WD Proxy]&amp#27;[39m Matched '/element' to command name 'findElement'
[debug] &amp#27;[35m[WD Proxy]&amp#27;[39m Proxying [POST /element] to [POST http://127.0.0.1:8224/wd/hub/session/828e3d1c-4a98-4545-b85a-a2955bad8866/element] with body: {"strategy":"xpath","selector":"//*[@text='Enter name here']","context":"","multiple":false}
[debug] &amp#27;[35m[WD Proxy]&amp#27;[39m Got response with status 200: {"sessionId":"828e3d1c-4a98-4545-b85a-a2955bad8866","value":{"ELEMENT":"1813f044-af85-45f8-a4e1-3b0b7881e5f2","element-6066-11e4-a52e-4f735466cecf":"1813f044-af85-45f8-a4e1-3b0b7881e5f2"}}
[debug] &amp#27;[35m[W3C (a20fc25b)]&amp#27;[39m Responding to client with driver.findElement() result: {"element-6066-11e4-a52e-4f735466cecf":"1813f044-af85-45f8-a4e1-3b0b7881e5f2","ELEMENT":"1813f044-af85-45f8-a4e1-3b0b7881e5f2"}
&amp#27;[35m[HTTP]&amp#27;[39m &amp#27;[37m<-- POST /wd/hub/session/a20fc25b-d98f-4b84-bc8b-0416c383bd3a/element &amp#27;[39m&amp#27;[32m200&amp#27;[39m &amp#27;[90m133 ms - 137&amp#27;[39m
&amp#27;[35m[HTTP]&amp#27;[39m &amp#27;[90m&amp#27;[39m
&amp#27;[35m[HTTP]&amp#27;[39m &amp#27;[37m-->&amp#27;[39m &amp#27;[37mPOST&amp#27;[39m &amp#27;[37m/wd/hub/session/a20fc25b-d98f-4b84-bc8b-0416c383bd3a/element/1813f044-af85-45f8-a4e1-3b0b7881e5f2/value&amp#27;[39m
&amp#27;[35m[HTTP]&amp#27;[39m &amp#27;[90m{"id":"1813f044-af85-45f8-a4e1-3b0b7881e5f2","text":"Rahul","value":["R","a","h","u","l"]}&amp#27;[39m
[debug] &amp#27;[35m[W3C (a20fc25b)]&amp#27;[39m Calling AppiumDriver.setValue() with args: [["R","a","h","u","l"],"1813f044-af85-45f8-a4e1-3b0b7881e5f2","a20fc25b-d98f-4b84-bc8b-0416c383bd3a"]
[debug] &amp#27;[35m[WD Proxy]&amp#27;[39m Matched '/element/1813f044-af85-45f8-a4e1-3b0b7881e5f2/value' to command name 'setValue'
[debug] &amp#27;[35m[Protocol Converter]&amp#27;[39m Added 'value' property ["R","a","h","u","l"] to 'setValue' request body
[debug] &amp#27;[35m[WD Proxy]&amp#27;[39m Proxying [POST /element/1813f044-af85-45f8-a4e1-3b0b7881e5f2/value] to [POST http://127.0.0.1:8224/wd/hub/session/828e3d1c-4a98-4545-b85a-a2955bad8866/element/1813f044-af85-45f8-a4e1-3b0b7881e5f2/value] with body: {"elementId":"1813f044-af85-45f8-a4e1-3b0b7881e5f2","text":"Rahul","replace":false,"value":["R","a","h","u","l"]}
[debug] &amp#27;[35m[WD Proxy]&amp#27;[39m Got response with status 200: {"sessionId":"828e3d1c-4a98-4545-b85a-a2955bad8866","value":null}
[debug] &amp#27;[35m[W3C (a20fc25b)]&amp#27;[39m Responding to client with driver.setValue() result: null
&amp#27;[35m[HTTP]&amp#27;[39m &amp#27;[37m<-- POST /wd/hub/session/a20fc25b-d98f-4b84-bc8b-0416c383bd3a/element/1813f044-af85-45f8-a4e1-3b0b7881e5f2/value &amp#27;[39m&amp#27;[32m200&amp#27;[39m &amp#27;[90m538 ms - 14&amp#27;[39m
&amp#27;[35m[HTTP]&amp#27;[39m &amp#27;[90m&amp#27;[39m
&amp#27;[35m[HTTP]&amp#27;[39m &amp#27;[37m-->&amp#27;[39m &amp#27;[37mPOST&amp#27;[39m &amp#27;[37m/wd/hub/session/a20fc25b-d98f-4b84-bc8b-0416c383bd3a/appium/device/hide_keyboard&amp#27;[39m
&amp#27;[35m[HTTP]&amp#27;[39m &amp#27;[90m{}&amp#27;[39m
[debug] &amp#27;[35m[W3C (a20fc25b)]&amp#27;[39m Calling AppiumDriver.hideKeyboard() with args: [null,null,null,null,"a20fc25b-d98f-4b84-bc8b-0416c383bd3a"]
[debug] &amp#27;[35m[ADB]&amp#27;[39m Running 'C:\Users\OnilVakharia\AppData\Local\Android\Sdk\platform-tools\adb.exe -P 5037 -s emulator-5554 shell dumpsys input_method'
&amp#27;[35m[AndroidDriver]&amp#27;[39m Keyboard has no UI; no closing necessary
[debug] &amp#27;[35m[W3C (a20fc25b)]&amp#27;[39m Responding to client with driver.hideKeyboard() result: null
&amp#27;[35m[HTTP]&amp#27;[39m &amp#27;[37m<-- POST /wd/hub/session/a20fc25b-d98f-4b84-bc8b-0416c383bd3a/appium/device/hide_keyboard &amp#27;[39m&amp#27;[32m200&amp#27;[39m &amp#27;[90m90 ms - 14&amp#27;[39m
&amp#27;[35m[HTTP]&amp#27;[39m &amp#27;[90m&amp#27;[39m
&amp#27;[35m[HTTP]&amp#27;[39m &amp#27;[37m-->&amp#27;[39m &amp#27;[37mGET&amp#27;[39m &amp#27;[37m/wd/hub/session/a20fc25b-d98f-4b84-bc8b-0416c383bd3a&amp#27;[39m
&amp#27;[35m[HTTP]&amp#27;[39m &amp#27;[90m{}&amp#27;[39m
[debug] &amp#27;[35m[W3C (a20fc25b)]&amp#27;[39m Calling AppiumDriver.getSession() with args: ["a20fc25b-d98f-4b84-bc8b-0416c383bd3a"]
[debug] &amp#27;[35m[UiAutomator2]&amp#27;[39m Getting session details from server to mix in
[debug] &amp#27;[35m[WD Proxy]&amp#27;[39m Matched '/' to command name 'getSession'
[debug] &amp#27;[35m[WD Proxy]&amp#27;[39m Proxying [GET /] to [GET http://127.0.0.1:8224/wd/hub/session/828e3d1c-4a98-4545-b85a-a2955bad8866] with body: {}
[debug] &amp#27;[35m[WD Proxy]&amp#27;[39m Got response with status 200: {"sessionId":"828e3d1c-4a98-4545-b85a-a2955bad8866","value":{}}
[debug] &amp#27;[35m[W3C (a20fc25b)]&amp#27;[39m Responding to client with driver.getSession() result: {"platform":"LINUX","webStorageEnabled":false,"takesScreenshot":true,"javascriptEnabled":true,"databaseEnabled":false,"networkConnectionEnabled":true,"locationContextEnabled":false,"warnings":{},"desired":{"platformName":"android","app":"C:\\Users\\OnilVakharia\\eclipse-workspace\\AppiumFramework\\src\\General-Store.apk","automationName":"uiautomator2","deviceName":"emulator"},"platformName":"android","app":"C:\\Users\\OnilVakharia\\eclipse-workspace\\AppiumFramework\\src\\General-Store.apk","automationName":"uiautomator2","deviceName":"emulator-5554","deviceUDID":"emulator-5554","appPackage":"com.androidsample.generalstore","deviceApiLevel":28,"platformVersion":"9","deviceScreenSize":"1080x1920","deviceScreenDensity":420,"deviceModel":"Android SDK built for x86_64","deviceManufacturer":"Google","pixelRatio":2.625,"statBarHeight":63,"viewportRect":{"left":0,"top":63,"width":1080,"height":1731}}
&amp#27;[35m[HTTP]&amp#27;[39m &amp#27;[37m<-- GET /wd/hub/session/a20fc25b-d98f-4b84-bc8b-0416c383bd3a &amp#27;[39m&amp#27;[32m200&amp#27;[39m &amp#27;[90m8 ms - 917&amp#27;[39m
&amp#27;[35m[HTTP]&amp#27;[39m &amp#27;[90m&amp#27;[39m
&amp#27;[35m[HTTP]&amp#27;[39m &amp#27;[37m-->&amp#27;[39m &amp#27;[37mPOST&amp#27;[39m &amp#27;[37m/wd/hub/session/a20fc25b-d98f-4b84-bc8b-0416c383bd3a/element&amp#27;[39m
&amp#27;[35m[HTTP]&amp#27;[39m &amp#27;[90m{"using":"xpath","value":"//*[@text='Male']"}&amp#27;[39m
[debug] &amp#27;[35m[W3C (a20fc25b)]&amp#27;[39m Calling AppiumDriver.findElement() with args: ["xpath","//*[@text='Male']","a20fc25b-d98f-4b84-bc8b-0416c383bd3a"]
[debug] &amp#27;[35m[BaseDriver]&amp#27;[39m Valid locator strategies for this request: xpath, id, class name, accessibility id, -android uiautomator
[debug] &amp#27;[35m[BaseDriver]&amp#27;[39m Waiting up to 20000 ms for condition
[debug] &amp#27;[35m[WD Proxy]&amp#27;[39m Matched '/element' to command name 'findElement'
[debug] &amp#27;[35m[WD Proxy]&amp#27;[39m Proxying [POST /element] to [POST http://127.0.0.1:8224/wd/hub/session/828e3d1c-4a98-4545-b85a-a2955bad8866/element] with body: {"strategy":"xpath","selector":"//*[@text='Male']","context":"","multiple":false}
[debug] &amp#27;[35m[WD Proxy]&amp#27;[39m Got response with status 200: {"sessionId":"828e3d1c-4a98-4545-b85a-a2955bad8866","value":{"ELEMENT":"033890d2-d54a-4346-9357-7b411918e1d2","element-6066-11e4-a52e-4f735466cecf":"033890d2-d54a-4346-9357-7b411918e1d2"}}
[debug] &amp#27;[35m[W3C (a20fc25b)]&amp#27;[39m Responding to client with driver.findElement() result: {"element-6066-11e4-a52e-4f735466cecf":"033890d2-d54a-4346-9357-7b411918e1d2","ELEMENT":"033890d2-d54a-4346-9357-7b411918e1d2"}
&amp#27;[35m[HTTP]&amp#27;[39m &amp#27;[37m<-- POST /wd/hub/session/a20fc25b-d98f-4b84-bc8b-0416c383bd3a/element &amp#27;[39m&amp#27;[32m200&amp#27;[39m &amp#27;[90m500 ms - 137&amp#27;[39m
&amp#27;[35m[HTTP]&amp#27;[39m &amp#27;[90m&amp#27;[39m
&amp#27;[35m[HTTP]&amp#27;[39m &amp#27;[37m-->&amp#27;[39m &amp#27;[37mPOST&amp#27;[39m &amp#27;[37m/wd/hub/session/a20fc25b-d98f-4b84-bc8b-0416c383bd3a/element/033890d2-d54a-4346-9357-7b411918e1d2/click&amp#27;[39m
&amp#27;[35m[HTTP]&amp#27;[39m &amp#27;[90m{"id":"033890d2-d54a-4346-9357-7b411918e1d2"}&amp#27;[39m
[debug] &amp#27;[35m[W3C (a20fc25b)]&amp#27;[39m Calling AppiumDriver.click() with args: ["033890d2-d54a-4346-9357-7b411918e1d2","a20fc25b-d98f-4b84-bc8b-0416c383bd3a"]
[debug] &amp#27;[35m[WD Proxy]&amp#27;[39m Matched '/element/033890d2-d54a-4346-9357-7b411918e1d2/click' to command name 'click'
[debug] &amp#27;[35m[WD Proxy]&amp#27;[39m Proxying [POST /element/033890d2-d54a-4346-9357-7b411918e1d2/click] to [POST http://127.0.0.1:8224/wd/hub/session/828e3d1c-4a98-4545-b85a-a2955bad8866/element/033890d2-d54a-4346-9357-7b411918e1d2/click] with body: {"element":"033890d2-d54a-4346-9357-7b411918e1d2"}
[debug] &amp#27;[35m[WD Proxy]&amp#27;[39m Got response with status 200: {"sessionId":"828e3d1c-4a98-4545-b85a-a2955bad8866","value":null}
[debug] &amp#27;[35m[W3C (a20fc25b)]&amp#27;[39m Responding to client with driver.click() result: null
&amp#27;[35m[HTTP]&amp#27;[39m &amp#27;[37m<-- POST /wd/hub/session/a20fc25b-d98f-4b84-bc8b-0416c383bd3a/element/033890d2-d54a-4346-9357-7b411918e1d2/click &amp#27;[39m&amp#27;[32m200&amp#27;[39m &amp#27;[90m24 ms - 14&amp#27;[39m
&amp#27;[35m[HTTP]&amp#27;[39m &amp#27;[90m&amp#27;[39m
&amp#27;[35m[HTTP]&amp#27;[39m &amp#27;[37m-->&amp#27;[39m &amp#27;[37mGET&amp#27;[39m &amp#27;[37m/wd/hub/session/a20fc25b-d98f-4b84-bc8b-0416c383bd3a&amp#27;[39m
&amp#27;[35m[HTTP]&amp#27;[39m &amp#27;[90m{}&amp#27;[39m
[debug] &amp#27;[35m[W3C (a20fc25b)]&amp#27;[39m Calling AppiumDriver.getSession() with args: ["a20fc25b-d98f-4b84-bc8b-0416c383bd3a"]
[debug] &amp#27;[35m[UiAutomator2]&amp#27;[39m Getting session details from server to mix in
[debug] &amp#27;[35m[WD Proxy]&amp#27;[39m Matched '/' to command name 'getSession'
[debug] &amp#27;[35m[WD Proxy]&amp#27;[39m Proxying [GET /] to [GET http://127.0.0.1:8224/wd/hub/session/828e3d1c-4a98-4545-b85a-a2955bad8866] with body: {}
[debug] &amp#27;[35m[WD Proxy]&amp#27;[39m Got response with status 200: {"sessionId":"828e3d1c-4a98-4545-b85a-a2955bad8866","value":{}}
[debug] &amp#27;[35m[W3C (a20fc25b)]&amp#27;[39m Responding to client with driver.getSession() result: {"platform":"LINUX","webStorageEnabled":false,"takesScreenshot":true,"javascriptEnabled":true,"databaseEnabled":false,"networkConnectionEnabled":true,"locationContextEnabled":false,"warnings":{},"desired":{"platformName":"android","app":"C:\\Users\\OnilVakharia\\eclipse-workspace\\AppiumFramework\\src\\General-Store.apk","automationName":"uiautomator2","deviceName":"emulator"},"platformName":"android","app":"C:\\Users\\OnilVakharia\\eclipse-workspace\\AppiumFramework\\src\\General-Store.apk","automationName":"uiautomator2","deviceName":"emulator-5554","deviceUDID":"emulator-5554","appPackage":"com.androidsample.generalstore","deviceApiLevel":28,"platformVersion":"9","deviceScreenSize":"1080x1920","deviceScreenDensity":420,"deviceModel":"Android SDK built for x86_64","deviceManufacturer":"Google","pixelRatio":2.625,"statBarHeight":63,"viewportRect":{"left":0,"top":63,"width":1080,"height":1731}}
&amp#27;[35m[HTTP]&amp#27;[39m &amp#27;[37m<-- GET /wd/hub/session/a20fc25b-d98f-4b84-bc8b-0416c383bd3a &amp#27;[39m&amp#27;[32m200&amp#27;[39m &amp#27;[90m21 ms - 917&amp#27;[39m
&amp#27;[35m[HTTP]&amp#27;[39m &amp#27;[90m&amp#27;[39m
&amp#27;[35m[HTTP]&amp#27;[39m &amp#27;[37m-->&amp#27;[39m &amp#27;[37mPOST&amp#27;[39m &amp#27;[37m/wd/hub/session/a20fc25b-d98f-4b84-bc8b-0416c383bd3a/element&amp#27;[39m
&amp#27;[35m[HTTP]&amp#27;[39m &amp#27;[90m{"using":"id","value":"com.androidsample.generalstore:id/btnLetsShop"}&amp#27;[39m
[debug] &amp#27;[35m[W3C (a20fc25b)]&amp#27;[39m Calling AppiumDriver.findElement() with args: ["id","com.androidsample.generalstore:id/btnLetsShop","a20fc25b-d98f-4b84-bc8b-0416c383bd3a"]
[debug] &amp#27;[35m[BaseDriver]&amp#27;[39m Valid locator strategies for this request: xpath, id, class name, accessibility id, -android uiautomator
[debug] &amp#27;[35m[BaseDriver]&amp#27;[39m Waiting up to 20000 ms for condition
[debug] &amp#27;[35m[WD Proxy]&amp#27;[39m Matched '/element' to command name 'findElement'
[debug] &amp#27;[35m[WD Proxy]&amp#27;[39m Proxying [POST /element] to [POST http://127.0.0.1:8224/wd/hub/session/828e3d1c-4a98-4545-b85a-a2955bad8866/element] with body: {"strategy":"id","selector":"com.androidsample.generalstore:id/btnLetsShop","context":"","multiple":false}
[debug] &amp#27;[35m[WD Proxy]&amp#27;[39m Got response with status 200: {"sessionId":"828e3d1c-4a98-4545-b85a-a2955bad8866","value":{"ELEMENT":"54699c4e-4b43-4410-8566-4aefa77059ec","element-6066-11e4-a52e-4f735466cecf":"54699c4e-4b43-4410-8566-4aefa77059ec"}}
[debug] &amp#27;[35m[W3C (a20fc25b)]&amp#27;[39m Responding to client with driver.findElement() result: {"element-6066-11e4-a52e-4f735466cecf":"54699c4e-4b43-4410-8566-4aefa77059ec","ELEMENT":"54699c4e-4b43-4410-8566-4aefa77059ec"}
&amp#27;[35m[HTTP]&amp#27;[39m &amp#27;[37m<-- POST /wd/hub/session/a20fc25b-d98f-4b84-bc8b-0416c383bd3a/element &amp#27;[39m&amp#27;[32m200&amp#27;[39m &amp#27;[90m509 ms - 137&amp#27;[39m
&amp#27;[35m[HTTP]&amp#27;[39m &amp#27;[90m&amp#27;[39m
&amp#27;[35m[HTTP]&amp#27;[39m &amp#27;[37m-->&amp#27;[39m &amp#27;[37mPOST&amp#27;[39m &amp#27;[37m/wd/hub/session/a20fc25b-d98f-4b84-bc8b-0416c383bd3a/element/54699c4e-4b43-4410-8566-4aefa77059ec/click&amp#27;[39m
&amp#27;[35m[HTTP]&amp#27;[39m &amp#27;[90m{"id":"54699c4e-4b43-4410-8566-4aefa77059ec"}&amp#27;[39m
[debug] &amp#27;[35m[W3C (a20fc25b)]&amp#27;[39m Calling AppiumDriver.click() with args: ["54699c4e-4b43-4410-8566-4aefa77059ec","a20fc25b-d98f-4b84-bc8b-0416c383bd3a"]
[debug] &amp#27;[35m[WD Proxy]&amp#27;[39m Matched '/element/54699c4e-4b43-4410-8566-4aefa77059ec/click' to command name 'click'
[debug] &amp#27;[35m[WD Proxy]&amp#27;[39m Proxying [POST /element/54699c4e-4b43-4410-8566-4aefa77059ec/click] to [POST http://127.0.0.1:8224/wd/hub/session/828e3d1c-4a98-4545-b85a-a2955bad8866/element/54699c4e-4b43-4410-8566-4aefa77059ec/click] with body: {"element":"54699c4e-4b43-4410-8566-4aefa77059ec"}
[debug] &amp#27;[35m[WD Proxy]&amp#27;[39m Got response with status 200: {"sessionId":"828e3d1c-4a98-4545-b85a-a2955bad8866","value":null}
[debug] &amp#27;[35m[W3C (a20fc25b)]&amp#27;[39m Responding to client with driver.click() result: null
&amp#27;[35m[HTTP]&amp#27;[39m &amp#27;[37m<-- POST /wd/hub/session/a20fc25b-d98f-4b84-bc8b-0416c383bd3a/element/54699c4e-4b43-4410-8566-4aefa77059ec/click &amp#27;[39m&amp#27;[32m200&amp#27;[39m &amp#27;[90m25 ms - 14&amp#27;[39m
&amp#27;[35m[HTTP]&amp#27;[39m &amp#27;[90m&amp#27;[39m
&amp#27;[35m[HTTP]&amp#27;[39m &amp#27;[37m-->&amp#27;[39m &amp#27;[37mGET&amp#27;[39m &amp#27;[37m/wd/hub/session/a20fc25b-d98f-4b84-bc8b-0416c383bd3a&amp#27;[39m
&amp#27;[35m[HTTP]&amp#27;[39m &amp#27;[90m{}&amp#27;[39m
[debug] &amp#27;[35m[W3C (a20fc25b)]&amp#27;[39m Calling AppiumDriver.getSession() with args: ["a20fc25b-d98f-4b84-bc8b-0416c383bd3a"]
[debug] &amp#27;[35m[UiAutomator2]&amp#27;[39m Getting session details from server to mix in
[debug] &amp#27;[35m[WD Proxy]&amp#27;[39m Matched '/' to command name 'getSession'
[debug] &amp#27;[35m[WD Proxy]&amp#27;[39m Proxying [GET /] to [GET http://127.0.0.1:8224/wd/hub/session/828e3d1c-4a98-4545-b85a-a2955bad8866] with body: {}
[debug] &amp#27;[35m[WD Proxy]&amp#27;[39m Got response with status 200: {"sessionId":"828e3d1c-4a98-4545-b85a-a2955bad8866","value":{}}
[...]
&amp#27;[35m[HTTP]&amp#27;[39m &amp#27;[90m{"using":"class name","value":"android.widget.CheckBox"}&amp#27;[39m
[debug] &amp#27;[35m[W3C (8f4c6122)]&amp#27;[39m Calling AppiumDriver.findElement() with args: ["class name","android.widget.CheckBox","8f4c6122-44ec-4747-9a81-696af415011c"]
[debug] &amp#27;[35m[BaseDriver]&amp#27;[39m Valid locator strategies for this request: xpath, id, class name, accessibility id, -android uiautomator
[debug] &amp#27;[35m[BaseDriver]&amp#27;[39m Waiting up to 10000 ms for condition
[debug] &amp#27;[35m[WD Proxy]&amp#27;[39m Matched '/element' to command name 'findElement'
[debug] &amp#27;[35m[WD Proxy]&amp#27;[39m Proxying [POST /element] to [POST http://127.0.0.1:8226/wd/hub/session/88115271-5fa9-4c61-8cac-d8cfb47417da/element] with body: {"strategy":"class name","selector":"android.widget.CheckBox","context":"","multiple":false}
[debug] &amp#27;[35m[WD Proxy]&amp#27;[39m Got response with status 200: {"sessionId":"88115271-5fa9-4c61-8cac-d8cfb47417da","value":{"ELEMENT":"737cb1da-ee86-41b0-b7ac-821f1864adc3","element-6066-11e4-a52e-4f735466cecf":"737cb1da-ee86-41b0-b7ac-821f1864adc3"}}
[debug] &amp#27;[35m[W3C (8f4c6122)]&amp#27;[39m Responding to client with driver.findElement() result: {"element-6066-11e4-a52e-4f735466cecf":"737cb1da-ee86-41b0-b7ac-821f1864adc3","ELEMENT":"737cb1da-ee86-41b0-b7ac-821f1864adc3"}
&amp#27;[35m[HTTP]&amp#27;[39m &amp#27;[37m<-- POST /wd/hub/session/8f4c6122-44ec-4747-9a81-696af415011c/element &amp#27;[39m&amp#27;[32m200&amp#27;[39m &amp#27;[90m27 ms - 137&amp#27;[39m
&amp#27;[35m[HTTP]&amp#27;[39m &amp#27;[90m&amp#27;[39m
&amp#27;[35m[HTTP]&amp#27;[39m &amp#27;[37m-->&amp#27;[39m &amp#27;[37mPOST&amp#27;[39m &amp#27;[37m/wd/hub/session/8f4c6122-44ec-4747-9a81-696af415011c/element/737cb1da-ee86-41b0-b7ac-821f1864adc3/click&amp#27;[39m
&amp#27;[35m[HTTP]&amp#27;[39m &amp#27;[90m{"id":"737cb1da-ee86-41b0-b7ac-821f1864adc3"}&amp#27;[39m
[debug] &amp#27;[35m[W3C (8f4c6122)]&amp#27;[39m Calling AppiumDriver.click() with args: ["737cb1da-ee86-41b0-b7ac-821f1864adc3","8f4c6122-44ec-4747-9a81-696af415011c"]
[debug] &amp#27;[35m[WD Proxy]&amp#27;[39m Matched '/element/737cb1da-ee86-41b0-b7ac-821f1864adc3/click' to command name 'click'
[debug] &amp#27;[35m[WD Proxy]&amp#27;[39m Proxying [POST /element/737cb1da-ee86-41b0-b7ac-821f1864adc3/click] to [POST http://127.0.0.1:8226/wd/hub/session/88115271-5fa9-4c61-8cac-d8cfb47417da/element/737cb1da-ee86-41b0-b7ac-821f1864adc3/click] with body: {"element":"737cb1da-ee86-41b0-b7ac-821f1864adc3"}
[debug] &amp#27;[35m[WD Proxy]&amp#27;[39m Got response with status 200: {"sessionId":"88115271-5fa9-4c61-8cac-d8cfb47417da","value":null}
[debug] &amp#27;[35m[W3C (8f4c6122)]&amp#27;[39m Responding to client with driver.click() result: null
&amp#27;[35m[HTTP]&amp#27;[39m &amp#27;[37m<-- POST /wd/hub/session/8f4c6122-44ec-4747-9a81-696af415011c/element/737cb1da-ee86-41b0-b7ac-821f1864adc3/click &amp#27;[39m&amp#27;[32m200&amp#27;[39m &amp#27;[90m24 ms - 14&amp#27;[39m
&amp#27;[35m[HTTP]&amp#27;[39m &amp#27;[90m&amp#27;[39m
&amp#27;[35m[HTTP]&amp#27;[39m &amp#27;[37m-->&amp#27;[39m &amp#27;[37mGET&amp#27;[39m &amp#27;[37m/wd/hub/session/8f4c6122-44ec-4747-9a81-696af415011c&amp#27;[39m
&amp#27;[35m[HTTP]&amp#27;[39m &amp#27;[90m{}&amp#27;[39m
[debug] &amp#27;[35m[W3C (8f4c6122)]&amp#27;[39m Calling AppiumDriver.getSession() with args: ["8f4c6122-44ec-4747-9a81-696af415011c"]
[debug] &amp#27;[35m[UiAutomator2]&amp#27;[39m Getting session details from server to mix in
[debug] &amp#27;[35m[WD Proxy]&amp#27;[39m Matched '/' to command name 'getSession'
[debug] &amp#27;[35m[WD Proxy]&amp#27;[39m Proxying [GET /] to [GET http://127.0.0.1:8226/wd/hub/session/88115271-5fa9-4c61-8cac-d8cfb47417da] with body: {}
[debug] &amp#27;[35m[WD Proxy]&amp#27;[39m Got response with status 200: {"sessionId":"88115271-5fa9-4c61-8cac-d8cfb47417da","value":{}}
[debug] &amp#27;[35m[W3C (8f4c6122)]&amp#27;[39m Responding to client with driver.getSession() result: {"platform":"LINUX","webStorageEnabled":false,"takesScreenshot":true,"javascriptEnabled":true,"databaseEnabled":false,"networkConnectionEnabled":true,"locationContextEnabled":false,"warnings":{},"desired":{"platformName":"android","app":"C:\\Users\\OnilVakharia\\eclipse-workspace\\AppiumFramework\\src\\Api Demos.apk","automationName":"uiautomator2","deviceName":"emulator"},"platformName":"android","app":"C:\\Users\\OnilVakharia\\eclipse-workspace\\AppiumFramework\\src\\Api Demos.apk","automationName":"uiautomator2","deviceName":"emulator-5554","deviceUDID":"emulator-5554","appPackage":"io.appium.android.apis","deviceApiLevel":28,"platformVersion":"9","deviceScreenSize":"1080x1920","deviceScreenDensity":420,"deviceModel":"Android SDK built for x86_64","deviceManufacturer":"Google","pixelRatio":2.625,"statBarHeight":63,"viewportRect":{"left":0,"top":63,"width":1080,"height":1731}}
&amp#27;[35m[HTTP]&amp#27;[39m &amp#27;[37m<-- GET /wd/hub/session/8f4c6122-44ec-4747-9a81-696af415011c &amp#27;[39m&amp#27;[32m200&amp#27;[39m &amp#27;[90m17 ms - 901&amp#27;[39m
&amp#27;[35m[HTTP]&amp#27;[39m &amp#27;[90m&amp#27;[39m
&amp#27;[35m[HTTP]&amp#27;[39m &amp#27;[37m-->&amp#27;[39m &amp#27;[37mPOST&amp#27;[39m &amp#27;[37m/wd/hub/session/8f4c6122-44ec-4747-9a81-696af415011c/element&amp#27;[39m
&amp#27;[35m[HTTP]&amp#27;[39m &amp#27;[90m{"using":"xpath","value":"//android.widget.TextView[@text='WiFi settings']"}&amp#27;[39m
[debug] &amp#27;[35m[W3C (8f4c6122)]&amp#27;[39m Calling AppiumDriver.findElement() with args: ["xpath","//android.widget.TextView[@text='WiFi settings']","8f4c6122-44ec-4747-9a81-696af415011c"]
[debug] &amp#27;[35m[BaseDriver]&amp#27;[39m Valid locator strategies for this request: xpath, id, class name, accessibility id, -android uiautomator
[debug] &amp#27;[35m[BaseDriver]&amp#27;[39m Waiting up to 10000 ms for condition
[debug] &amp#27;[35m[WD Proxy]&amp#27;[39m Matched '/element' to command name 'findElement'
[debug] &amp#27;[35m[WD Proxy]&amp#27;[39m Proxying [POST /element] to [POST http://127.0.0.1:8226/wd/hub/session/88115271-5fa9-4c61-8cac-d8cfb47417da/element] with body: {"strategy":"xpath","selector":"//android.widget.TextView[@text='WiFi settings']","context":"","multiple":false}
[debug] &amp#27;[35m[WD Proxy]&amp#27;[39m Got response with status 200: {"sessionId":"88115271-5fa9-4c61-8cac-d8cfb47417da","value":{"ELEMENT":"f0b84c70-2de7-4749-a881-316138931c03","element-6066-11e4-a52e-4f735466cecf":"f0b84c70-2de7-4749-a881-316138931c03"}}
[debug] &amp#27;[35m[W3C (8f4c6122)]&amp#27;[39m Responding to client with driver.findElement() result: {"element-6066-11e4-a52e-4f735466cecf":"f0b84c70-2de7-4749-a881-316138931c03","ELEMENT":"f0b84c70-2de7-4749-a881-316138931c03"}
&amp#27;[35m[HTTP]&amp#27;[39m &amp#27;[37m<-- POST /wd/hub/session/8f4c6122-44ec-4747-9a81-696af415011c/element &amp#27;[39m&amp#27;[32m200&amp#27;[39m &amp#27;[90m738 ms - 137&amp#27;[39m
&amp#27;[35m[HTTP]&amp#27;[39m &amp#27;[90m&amp#27;[39m
&amp#27;[35m[HTTP]&amp#27;[39m &amp#27;[37m-->&amp#27;[39m &amp#27;[37mPOST&amp#27;[39m &amp#27;[37m/wd/hub/session/8f4c6122-44ec-4747-9a81-696af415011c/element/f0b84c70-2de7-4749-a881-316138931c03/click&amp#27;[39m
&amp#27;[35m[HTTP]&amp#27;[39m &amp#27;[90m{"id":"f0b84c70-2de7-4749-a881-316138931c03"}&amp#27;[39m
[debug] &amp#27;[35m[W3C (8f4c6122)]&amp#27;[39m Calling AppiumDriver.click() with args: ["f0b84c70-2de7-4749-a881-316138931c03","8f4c6122-44ec-4747-9a81-696af415011c"]
[debug] &amp#27;[35m[WD Proxy]&amp#27;[39m Matched '/element/f0b84c70-2de7-4749-a881-316138931c03/click' to command name 'click'
[debug] &amp#27;[35m[WD Proxy]&amp#27;[39m Proxying [POST /element/f0b84c70-2de7-4749-a881-316138931c03/click] to [POST http://127.0.0.1:8226/wd/hub/session/88115271-5fa9-4c61-8cac-d8cfb47417da/element/f0b84c70-2de7-4749-a881-316138931c03/click] with body: {"element":"f0b84c70-2de7-4749-a881-316138931c03"}
[debug] &amp#27;[35m[WD Proxy]&amp#27;[39m Got response with status 200: {"sessionId":"88115271-5fa9-4c61-8cac-d8cfb47417da","value":null}
[debug] &amp#27;[35m[W3C (8f4c6122)]&amp#27;[39m Responding to client with driver.click() result: null
&amp#27;[35m[HTTP]&amp#27;[39m &amp#27;[37m<-- POST /wd/hub/session/8f4c6122-44ec-4747-9a81-696af415011c/element/f0b84c70-2de7-4749-a881-316138931c03/click &amp#27;[39m&amp#27;[32m200&amp#27;[39m &amp#27;[90m34 ms - 14&amp#27;[39m
&amp#27;[35m[HTTP]&amp#27;[39m &amp#27;[90m&amp#27;[39m
&amp#27;[35m[HTTP]&amp#27;[39m &amp#27;[37m-->&amp#27;[39m &amp#27;[37mGET&amp#27;[39m &amp#27;[37m/wd/hub/session/8f4c6122-44ec-4747-9a81-696af415011c&amp#27;[39m
&amp#27;[35m[HTTP]&amp#27;[39m &amp#27;[90m{}&amp#27;[39m
[debug] &amp#27;[35m[W3C (8f4c6122)]&amp#27;[39m Calling AppiumDriver.getSession() with args: ["8f4c6122-44ec-4747-9a81-696af415011c"]
[debug] &amp#27;[35m[UiAutomator2]&amp#27;[39m Getting session details from server to mix in
[debug] &amp#27;[35m[WD Proxy]&amp#27;[39m Matched '/' to command name 'getSession'
[debug] &amp#27;[35m[WD Proxy]&amp#27;[39m Proxying [GET /] to [GET http://127.0.0.1:8226/wd/hub/session/88115271-5fa9-4c61-8cac-d8cfb47417da] with body: {}
[debug] &amp#27;[35m[WD Proxy]&amp#27;[39m Got response with status 200: {"sessionId":"88115271-5fa9-4c61-8cac-d8cfb47417da","value":{}}
[debug] &amp#27;[35m[W3C (8f4c6122)]&amp#27;[39m Responding to client with driver.getSession() result: {"platform":"LINUX","webStorageEnabled":false,"takesScreenshot":true,"javascriptEnabled":true,"databaseEnabled":false,"networkConnectionEnabled":true,"locationContextEnabled":false,"warnings":{},"desired":{"platformName":"android","app":"C:\\Users\\OnilVakharia\\eclipse-workspace\\AppiumFramework\\src\\Api Demos.apk","automationName":"uiautomator2","deviceName":"emulator"},"platformName":"android","app":"C:\\Users\\OnilVakharia\\eclipse-workspace\\AppiumFramework\\src\\Api Demos.apk","automationName":"uiautomator2","deviceName":"emulator-5554","deviceUDID":"emulator-5554","appPackage":"io.appium.android.apis","deviceApiLevel":28,"platformVersion":"9","deviceScreenSize":"1080x1920","deviceScreenDensity":420,"deviceModel":"Android SDK built for x86_64","deviceManufacturer":"Google","pixelRatio":2.625,"statBarHeight":63,"viewportRect":{"left":0,"top":63,"width":1080,"height":1731}}
&amp#27;[35m[HTTP]&amp#27;[39m &amp#27;[37m<-- GET /wd/hub/session/8f4c6122-44ec-4747-9a81-696af415011c &amp#27;[39m&amp#27;[32m200&amp#27;[39m &amp#27;[90m14 ms - 901&amp#27;[39m
&amp#27;[35m[HTTP]&amp#27;[39m &amp#27;[90m&amp#27;[39m
&amp#27;[35m[HTTP]&amp#27;[39m &amp#27;[37m-->&amp#27;[39m &amp#27;[37mPOST&amp#27;[39m &amp#27;[37m/wd/hub/session/8f4c6122-44ec-4747-9a81-696af415011c/element&amp#27;[39m
&amp#27;[35m[HTTP]&amp#27;[39m &amp#27;[90m{"using":"class name","value":"android.widget.EditText"}&amp#27;[39m
[debug] &amp#27;[35m[W3C (8f4c6122)]&amp#27;[39m Calling AppiumDriver.findElement() with args: ["class name","android.widget.EditText","8f4c6122-44ec-4747-9a81-696af415011c"]
[debug] &amp#27;[35m[BaseDriver]&amp#27;[39m Valid locator strategies for this request: xpath, id, class name, accessibility id, -android uiautomator
[debug] &amp#27;[35m[BaseDriver]&amp#27;[39m Waiting up to 10000 ms for condition
[debug] &amp#27;[35m[WD Proxy]&amp#27;[39m Matched '/element' to command name 'findElement'
[debug] &amp#27;[35m[WD Proxy]&amp#27;[39m Proxying [POST /element] to [POST http://127.0.0.1:8226/wd/hub/session/88115271-5fa9-4c61-8cac-d8cfb47417da/element] with body: {"strategy":"class name","selector":"android.widget.EditText","context":"","multiple":false}
[debug] &amp#27;[35m[WD Proxy]&amp#27;[39m Got response with status 200: {"sessionId":"88115271-5fa9-4c61-8cac-d8cfb47417da","value":{"ELEMENT":"a179266d-881c-439c-9614-b0deea3a997c","element-6066-11e4-a52e-4f735466cecf":"a179266d-881c-439c-9614-b0deea3a997c"}}
[debug] &amp#27;[35m[W3C (8f4c6122)]&amp#27;[39m Responding to client with driver.findElement() result: {"element-6066-11e4-a52e-4f735466cecf":"a179266d-881c-439c-9614-b0deea3a997c","ELEMENT":"a179266d-881c-439c-9614-b0deea3a997c"}
&amp#27;[35m[HTTP]&amp#27;[39m &amp#27;[37m<-- POST /wd/hub/session/8f4c6122-44ec-4747-9a81-696af415011c/element &amp#27;[39m&amp#27;[32m200&amp#27;[39m &amp#27;[90m1505 ms - 137&amp#27;[39m
&amp#27;[35m[HTTP]&amp#27;[39m &amp#27;[90m&amp#27;[39m
&amp#27;[35m[HTTP]&amp#27;[39m &amp#27;[37m-->&amp#27;[39m &amp#27;[37mPOST&amp#27;[39m &amp#27;[37m/wd/hub/session/8f4c6122-44ec-4747-9a81-696af415011c/element/a179266d-881c-439c-9614-b0deea3a997c/value&amp#27;[39m
&amp#27;[35m[HTTP]&amp#27;[39m &amp#27;[90m{"id":"a179266d-881c-439c-9614-b0deea3a997c","text":"234@#$","value":["2","3","4","@","#","$"]}&amp#27;[39m
[debug] &amp#27;[35m[W3C (8f4c6122)]&amp#27;[39m Calling AppiumDriver.setValue() with args: [["2","3","4","@","#","$"],"a179266d-881c-439c-9614-b0deea3a997c","8f4c6122-44ec-4747-9a81-696af415011c"]
[debug] &amp#27;[35m[WD Proxy]&amp#27;[39m Matched '/element/a179266d-881c-439c-9614-b0deea3a997c/value' to command name 'setValue'
[debug] &amp#27;[35m[Protocol Converter]&amp#27;[39m Added 'value' property ["2","3","4","@","#","$"] to 'setValue' request body
[debug] &amp#27;[35m[WD Proxy]&amp#27;[39m Proxying [POST /element/a179266d-881c-439c-9614-b0deea3a997c/value] to [POST http://127.0.0.1:8226/wd/hub/session/88115271-5fa9-4c61-8cac-d8cfb47417da/element/a179266d-881c-439c-9614-b0deea3a997c/value] with body: {"elementId":"a179266d-881c-439c-9614-b0deea3a997c","text":"234@#$","replace":false,"value":["2","3","4","@","#","$"]}
[debug] &amp#27;[35m[WD Proxy]&amp#27;[39m Got response with status 200: {"sessionId":"88115271-5fa9-4c61-8cac-d8cfb47417da","value":null}
[debug] &amp#27;[35m[W3C (8f4c6122)]&amp#27;[39m Responding to client with driver.setValue() result: null
&amp#27;[35m[HTTP]&amp#27;[39m &amp#27;[37m<-- POST /wd/hub/session/8f4c6122-44ec-4747-9a81-696af415011c/element/a179266d-881c-439c-9614-b0deea3a997c/value &amp#27;[39m&amp#27;[32m200&amp#27;[39m &amp#27;[90m40 ms - 14&amp#27;[39m
&amp#27;[35m[HTTP]&amp#27;[39m &amp#27;[90m&amp#27;[39m
&amp#27;[35m[HTTP]&amp#27;[39m &amp#27;[37m-->&amp#27;[39m &amp#27;[37mGET&amp#27;[39m &amp#27;[37m/wd/hub/session/8f4c6122-44ec-4747-9a81-696af415011c&amp#27;[39m
&amp#27;[35m[HTTP]&amp#27;[39m &amp#27;[90m{}&amp#27;[39m
[debug] &amp#27;[35m[W3C (8f4c6122)]&amp#27;[39m Calling AppiumDriver.getSession() with args: ["8f4c6122-44ec-4747-9a81-696af415011c"]
[debug] &amp#27;[35m[UiAutomator2]&amp#27;[39m Getting session details from server to mix in
[debug] &amp#27;[35m[WD Proxy]&amp#27;[39m Matched '/' to command name 'getSession'
[debug] &amp#27;[35m[WD Proxy]&amp#27;[39m Proxying [GET /] to [GET http://127.0.0.1:8226/wd/hub/session/88115271-5fa9-4c61-8cac-d8cfb47417da] with body: {}
[debug] &amp#27;[35m[WD Proxy]&amp#27;[39m Got response with status 200: {"sessionId":"88115271-5fa9-4c61-8cac-d8cfb47417da","value":{}}
[debug] &amp#27;[35m[W3C (8f4c6122)]&amp#27;[39m Responding to client with driver.getSession() result: {"platform":"LINUX","webStorageEnabled":false,"takesScreenshot":true,"javascriptEnabled":true,"databaseEnabled":false,"networkConnectionEnabled":true,"locationContextEnabled":false,"warnings":{},"desired":{"platformName":"android","app":"C:\\Users\\OnilVakharia\\eclipse-workspace\\AppiumFramework\\src\\Api Demos.apk","automationName":"uiautomator2","deviceName":"emulator"},"platformName":"android","app":"C:\\Users\\OnilVakharia\\eclipse-workspace\\AppiumFramework\\src\\Api Demos.apk","automationName":"uiautomator2","deviceName":"emulator-5554","deviceUDID":"emulator-5554","appPackage":"io.appium.android.apis","deviceApiLevel":28,"platformVersion":"9","deviceScreenSize":"1080x1920","deviceScreenDensity":420,"deviceModel":"Android SDK built for x86_64","deviceManufacturer":"Google","pixelRatio":2.625,"statBarHeight":63,"viewportRect":{"left":0,"top":63,"width":1080,"height":1731}}
&amp#27;[35m[HTTP]&amp#27;[39m &amp#27;[37m<-- GET /wd/hub/session/8f4c6122-44ec-4747-9a81-696af415011c &amp#27;[39m&amp#27;[32m200&amp#27;[39m &amp#27;[90m11 ms - 901&amp#27;[39m
&amp#27;[35m[HTTP]&amp#27;[39m &amp#27;[90m&amp#27;[39m
&amp#27;[35m[HTTP]&amp#27;[39m &amp#27;[37m-->&amp#27;[39m &amp#27;[37mPOST&amp#27;[39m &amp#27;[37m/wd/hub/session/8f4c6122-44ec-4747-9a81-696af415011c/elements&amp#27;[39m
&amp#27;[35m[HTTP]&amp#27;[39m &amp#27;[90m{"using":"class name","value":"android.widget.Button"}&amp#27;[39m
[debug] &amp#27;[35m[W3C (8f4c6122)]&amp#27;[39m Calling AppiumDriver.findElements() with args: ["class name","android.widget.Button","8f4c6122-44ec-4747-9a81-696af415011c"]
[debug] &amp#27;[35m[BaseDriver]&amp#27;[39m Valid locator strategies for this request: xpath, id, class name, accessibility id, -android uiautomator
[debug] &amp#27;[35m[BaseDriver]&amp#27;[39m Waiting up to 10000 ms for condition
[debug] &amp#27;[35m[WD Proxy]&amp#27;[39m Matched '/elements' to command name 'findElements'
[debug] &amp#27;[35m[WD Proxy]&amp#27;[39m Proxying [POST /elements] to [POST http://127.0.0.1:8226/wd/hub/session/88115271-5fa9-4c61-8cac-d8cfb47417da/elements] with body: {"strategy":"class name","selector":"android.widget.Button","context":"","multiple":true}
[debug] &amp#27;[35m[WD Proxy]&amp#27;[39m Got response with status 200: {"sessionId":"88115271-5fa9-4c61-8cac-d8cfb47417da","value":[{"ELEMENT":"bf2f2b31-ddf7-4ba6-8e99-21126a005222","element-6066-11e4-a52e-4f735466cecf":"bf2f2b31-ddf7-4ba6-8e99-21126a005222"},{"ELEMENT":"c4a9ac84-40df-468d-a707-38980c8c8d9f","element-6066-11e4-a52e-4f735466cecf":"c4a9ac84-40df-468d-a707-38980c8c8d9f"}]}
[debug] &amp#27;[35m[W3C (8f4c6122)]&amp#27;[39m Responding to client with driver.findElements() result: [{"element-6066-11e4-a52e-4f735466cecf":"bf2f2b31-ddf7-4ba6-8e99-21126a005222","ELEMENT":"bf2f2b31-ddf7-4ba6-8e99-21126a005222"},{"element-6066-11e4-a52e-4f735466cecf":"c4a9ac84-40df-468d-a707-38980c8c8d9f","ELEMENT":"c4a9ac84-40df-468d-a707-38980c8c8d9f"}]
&amp#27;[35m[HTTP]&amp#27;[39m &amp#27;[37m<-- POST /wd/hub/session/8f4c6122-44ec-4747-9a81-696af415011c/elements &amp#27;[39m&amp#27;[32m200&amp#27;[39m &amp#27;[90m582 ms - 267&amp#27;[39m
&amp#27;[35m[HTTP]&amp#27;[39m &amp#27;[90m&amp#27;[39m
&amp#27;[35m[HTTP]&amp#27;[39m &amp#27;[37m-->&amp#27;[39m &amp#27;[37mPOST&amp#27;[39m &amp#27;[37m/wd/hub/session/8f4c6122-44ec-4747-9a81-696af415011c/element/c4a9ac84-40df-468d-a707-38980c8c8d9f/click&amp#27;[39m
&amp#27;[35m[HTTP]&amp#27;[39m &amp#27;[90m{"id":"c4a9ac84-40df-468d-a707-38980c8c8d9f"}&amp#27;[39m
[debug] &amp#27;[35m[W3C (8f4c6122)]&amp#27;[39m Calling AppiumDriver.click() with args: ["c4a9ac84-40df-468d-a707-38980c8c8d9f","8f4c6122-44ec-4747-9a81-696af415011c"]
[debug] &amp#27;[35m[WD Proxy]&amp#27;[39m Matched '/element/c4a9ac84-40df-468d-a707-38980c8c8d9f/click' to command name 'click'
[debug] &amp#27;[35m[WD Proxy]&amp#27;[39m Proxying [POST /element/c4a9ac84-40df-468d-a707-38980c8c8d9f/click] to [POST http://127.0.0.1:8226/wd/hub/session/88115271-5fa9-4c61-8cac-d8cfb47417da/element/c4a9ac84-40df-468d-a707-38980c8c8d9f/click] with body: {"element":"c4a9ac84-40df-468d-a707-38980c8c8d9f"}
[debug] &amp#27;[35m[WD Proxy]&amp#27;[39m Got response with status 200: {"sessionId":"88115271-5fa9-4c61-8cac-d8cfb47417da","value":null}
[debug] &amp#27;[35m[W3C (8f4c6122)]&amp#27;[39m Responding to client with driver.click() result: null
&amp#27;[35m[HTTP]&amp#27;[39m &amp#27;[37m<-- POST /wd/hub/session/8f4c6122-44ec-4747-9a81-696af415011c/element/c4a9ac84-40df-468d-a707-38980c8c8d9f/click &amp#27;[39m&amp#27;[32m200&amp#27;[39m &amp#27;[90m27 ms - 14&amp#27;[39m
&amp#27;[35m[HTTP]&amp#27;[39m &amp#27;[90m&amp#27;[39m
]]></system-out>
    <system-err><![CDATA[Jul 26, 2020 6:18:09 PM io.appium.java_client.remote.AppiumCommandExecutor$1 lambda$0
INFO: Detected dialect: W3C
]]></system-err>
  </testcase>
</testsuite>